[logs/Android_Samsung S10 INFO ] 2021-12-17 15:32:25.504 BaseTest:210 - log path: logs/Android_Samsung S10
[logs/Android_Samsung S10 INFO ] 2021-12-17 15:32:25.511 BaseTest:217 - load config.properties
[logs/Android_Samsung S10 INFO ] 2021-12-17 15:32:25.513 BaseTest:222 - load strings/strings.xml
[logs/Android_Samsung S10 INFO ] 2021-12-17 15:32:25.522 BaseTest:246 - appUrl is/Users/maher/Desktop/AppiumTest/src/test/resources/app/AccorAll_9_53_21111902.apk
[logs/Android_Samsung S10 INFO ] 2021-12-17 15:32:35.257 BaseTest:268 - driver initialized: io.appium.java_client.android.AndroidDriver, Capabilities: {app=/Users/maher/Desktop/AppiumTest/src/test/resources/app/AccorAll_9_53_21111902.apk, appActivity=com.accor.app.debug.DebugActivity, appPackage=com.accor.appli.hybrid.inhouse, automationName=UiAutomator2, chromeDriverPort=11000, databaseEnabled=false, desired={platformName=android, chromeDriverPort=11000, app=/Users/maher/Desktop/AppiumTest/src/test/resources/app/AccorAll_9_53_21111902.apk, appActivity=com.accor.app.debug.DebugActivity, appPackage=com.accor.appli.hybrid.inhouse, automationName=UiAutomator2, deviceName=Samsung S10, systemPort=10001, udid=R58M21E51VW}, deviceApiLevel=28, deviceManufacturer=samsung, deviceModel=SM-G975F, deviceName=R58M21E51VW, deviceScreenDensity=420, deviceScreenSize=1080x2280, deviceUDID=R58M21E51VW, javascriptEnabled=true, locationContextEnabled=false, networkConnectionEnabled=true, pixelRatio=2.625, platform=LINUX, platformName=Android, platformVersion=9, statBarHeight=110, systemPort=10001, takesScreenshot=true, udid=R58M21E51VW, viewportRect={left=0, top=110, width=1080, height=1937}, warnings={}, webStorageEnabled=false}
[logs/Android_Samsung S10 ERROR] 2021-12-17 15:32:45.596 TestListener:32 - org.openqa.selenium.InvalidElementStateException: Cannot set the element to 'Paris'. Did you interact with the correct element?
Build info: version: '3.141.59', revision: 'e82be7d358', time: '2018-11-14T08:17:03'
System info: host: 'MBP-de-maher', ip: '2001:861:4680:c360:9960:a8bb:7e6e:e850%en0', os.name: 'Mac OS X', os.arch: 'x86_64', os.version: '12.0.1', java.version: '17.0.1'
Driver info: io.appium.java_client.android.AndroidDriver
Capabilities {app: /Users/maher/Desktop/Appium..., appActivity: com.accor.app.debug.DebugAc..., appPackage: com.accor.appli.hybrid.inhouse, automationName: UiAutomator2, chromeDriverPort: 11000, databaseEnabled: false, desired: {app: /Users/maher/Desktop/Appium..., appActivity: com.accor.app.debug.DebugAc..., appPackage: com.accor.appli.hybrid.inhouse, automationName: UiAutomator2, chromeDriverPort: 11000, deviceName: Samsung S10, platformName: android, systemPort: 10001, udid: R58M21E51VW}, deviceApiLevel: 28, deviceManufacturer: samsung, deviceModel: SM-G975F, deviceName: R58M21E51VW, deviceScreenDensity: 420, deviceScreenSize: 1080x2280, deviceUDID: R58M21E51VW, javascriptEnabled: true, locationContextEnabled: false, networkConnectionEnabled: true, pixelRatio: 2.625, platform: LINUX, platformName: Android, platformVersion: 9, statBarHeight: 110, systemPort: 10001, takesScreenshot: true, udid: R58M21E51VW, viewportRect: {height: 1937, left: 0, top: 110, width: 1080}, warnings: {}, webStorageEnabled: false}
Session ID: 661e8f91-fcf7-466a-9d99-0902ee2cc6e9
	at java.base/jdk.internal.reflect.NativeConstructorAccessorImpl.newInstance0(Native Method)
	at java.base/jdk.internal.reflect.NativeConstructorAccessorImpl.newInstance(NativeConstructorAccessorImpl.java:77)
	at java.base/jdk.internal.reflect.DelegatingConstructorAccessorImpl.newInstance(DelegatingConstructorAccessorImpl.java:45)
	at java.base/java.lang.reflect.Constructor.newInstanceWithCaller(Constructor.java:499)
	at java.base/java.lang.reflect.Constructor.newInstance(Constructor.java:480)
	at org.openqa.selenium.remote.http.W3CHttpResponseCodec.createException(W3CHttpResponseCodec.java:187)
	at org.openqa.selenium.remote.http.W3CHttpResponseCodec.decode(W3CHttpResponseCodec.java:122)
	at org.openqa.selenium.remote.http.W3CHttpResponseCodec.decode(W3CHttpResponseCodec.java:49)
	at org.openqa.selenium.remote.HttpCommandExecutor.execute(HttpCommandExecutor.java:158)
	at io.appium.java_client.remote.AppiumCommandExecutor.execute(AppiumCommandExecutor.java:250)
	at org.openqa.selenium.remote.RemoteWebDriver.execute(RemoteWebDriver.java:552)
	at io.appium.java_client.DefaultGenericMobileDriver.execute(DefaultGenericMobileDriver.java:41)
	at io.appium.java_client.AppiumDriver.execute(AppiumDriver.java:1)
	at io.appium.java_client.android.AndroidDriver.execute(AndroidDriver.java:1)
	at org.openqa.selenium.remote.RemoteWebElement.execute(RemoteWebElement.java:285)
	at io.appium.java_client.DefaultGenericMobileElement.execute(DefaultGenericMobileElement.java:45)
	at io.appium.java_client.MobileElement.execute(MobileElement.java:1)
	at io.appium.java_client.android.AndroidElement.execute(AndroidElement.java:1)
	at org.openqa.selenium.remote.RemoteWebElement.sendKeys(RemoteWebElement.java:106)
	at com.qa.BasePage.sendText(BasePage.java:59)
	at com.qa.pages.PageLogin.SearchHotel(PageLogin.java:30)
	at com.qa.tests.Search.inApp(Search.java:25)
	at java.base/jdk.internal.reflect.NativeMethodAccessorImpl.invoke0(Native Method)
	at java.base/jdk.internal.reflect.NativeMethodAccessorImpl.invoke(NativeMethodAccessorImpl.java:77)
	at java.base/jdk.internal.reflect.DelegatingMethodAccessorImpl.invoke(DelegatingMethodAccessorImpl.java:43)
	at java.base/java.lang.reflect.Method.invoke(Method.java:568)
	at org.testng.internal.MethodInvocationHelper.invokeMethod(MethodInvocationHelper.java:133)
	at org.testng.internal.TestInvoker.invokeMethod(TestInvoker.java:598)
	at org.testng.internal.TestInvoker.invokeTestMethod(TestInvoker.java:173)
	at org.testng.internal.MethodRunner.runInSequence(MethodRunner.java:46)
	at org.testng.internal.TestInvoker$MethodInvocationAgent.invoke(TestInvoker.java:824)
	at org.testng.internal.TestInvoker.invokeTestMethods(TestInvoker.java:146)
	at org.testng.internal.TestMethodWorker.invokeTestMethods(TestMethodWorker.java:146)
	at org.testng.internal.TestMethodWorker.run(TestMethodWorker.java:128)
	at java.base/java.util.ArrayList.forEach(ArrayList.java:1511)
	at org.testng.TestRunner.privateRun(TestRunner.java:794)
	at org.testng.TestRunner.run(TestRunner.java:596)
	at org.testng.SuiteRunner.runTest(SuiteRunner.java:377)
	at org.testng.SuiteRunner.access$000(SuiteRunner.java:28)
	at org.testng.SuiteRunner$SuiteWorker.run(SuiteRunner.java:418)
	at org.testng.internal.thread.ThreadUtil.lambda$execute$0(ThreadUtil.java:64)
	at java.base/java.util.concurrent.FutureTask.run(FutureTask.java:264)
	at java.base/java.util.concurrent.ThreadPoolExecutor.runWorker(ThreadPoolExecutor.java:1136)
	at java.base/java.util.concurrent.ThreadPoolExecutor$Worker.run(ThreadPoolExecutor.java:635)
	at java.base/java.lang.Thread.run(Thread.java:833)

[logs/Android_Samsung S10 INFO ] 2021-12-17 15:32:49.304 BaseTest:121 - video path: videos/Android_Samsung S10/2021-12-17-15-32-25/Search/inApp.mp4
[logs/Android_Samsung S10 INFO ] 2021-12-17 15:33:18.363 BaseTest:210 - log path: logs/Android_Samsung S10
[logs/Android_Samsung S10 INFO ] 2021-12-17 15:33:18.371 BaseTest:217 - load config.properties
[logs/Android_Samsung S10 INFO ] 2021-12-17 15:33:18.375 BaseTest:222 - load strings/strings.xml
[logs/Android_Samsung S10 INFO ] 2021-12-17 15:33:18.385 BaseTest:246 - appUrl is/Users/maher/Desktop/AppiumTest/src/test/resources/app/AccorAll_9_53_21111902.apk
[logs/Android_Samsung S10 INFO ] 2021-12-17 15:33:26.618 BaseTest:268 - driver initialized: io.appium.java_client.android.AndroidDriver, Capabilities: {app=/Users/maher/Desktop/AppiumTest/src/test/resources/app/AccorAll_9_53_21111902.apk, appActivity=com.accor.app.debug.DebugActivity, appPackage=com.accor.appli.hybrid.inhouse, automationName=UiAutomator2, chromeDriverPort=11000, databaseEnabled=false, desired={platformName=android, chromeDriverPort=11000, app=/Users/maher/Desktop/AppiumTest/src/test/resources/app/AccorAll_9_53_21111902.apk, appActivity=com.accor.app.debug.DebugActivity, appPackage=com.accor.appli.hybrid.inhouse, automationName=UiAutomator2, deviceName=Samsung S10, systemPort=10001, udid=R58M21E51VW}, deviceApiLevel=28, deviceManufacturer=samsung, deviceModel=SM-G975F, deviceName=R58M21E51VW, deviceScreenDensity=420, deviceScreenSize=1080x2280, deviceUDID=R58M21E51VW, javascriptEnabled=true, locationContextEnabled=false, networkConnectionEnabled=true, pixelRatio=2.625, platform=LINUX, platformName=Android, platformVersion=9, statBarHeight=110, systemPort=10001, takesScreenshot=true, udid=R58M21E51VW, viewportRect={left=0, top=110, width=1080, height=1937}, warnings={}, webStorageEnabled=false}
[logs/Android_Samsung S10 ERROR] 2021-12-17 15:33:48.207 TestListener:32 - org.openqa.selenium.TimeoutException: Expected condition failed: waiting for visibility of element located by By.xpath: //android.widget.FrameLayout[@content-desc="Close"] (tried for 15 second(s) with 500 milliseconds interval)
	at org.openqa.selenium.support.ui.WebDriverWait.timeoutException(WebDriverWait.java:95)
	at org.openqa.selenium.support.ui.FluentWait.until(FluentWait.java:272)
	at com.qa.BasePage.waitAndClick(BasePage.java:25)
	at com.qa.pages.PageLogin.SearchHotel(PageLogin.java:29)
	at com.qa.tests.Search.inApp(Search.java:25)
	at java.base/jdk.internal.reflect.NativeMethodAccessorImpl.invoke0(Native Method)
	at java.base/jdk.internal.reflect.NativeMethodAccessorImpl.invoke(NativeMethodAccessorImpl.java:77)
	at java.base/jdk.internal.reflect.DelegatingMethodAccessorImpl.invoke(DelegatingMethodAccessorImpl.java:43)
	at java.base/java.lang.reflect.Method.invoke(Method.java:568)
	at org.testng.internal.MethodInvocationHelper.invokeMethod(MethodInvocationHelper.java:133)
	at org.testng.internal.TestInvoker.invokeMethod(TestInvoker.java:598)
	at org.testng.internal.TestInvoker.invokeTestMethod(TestInvoker.java:173)
	at org.testng.internal.MethodRunner.runInSequence(MethodRunner.java:46)
	at org.testng.internal.TestInvoker$MethodInvocationAgent.invoke(TestInvoker.java:824)
	at org.testng.internal.TestInvoker.invokeTestMethods(TestInvoker.java:146)
	at org.testng.internal.TestMethodWorker.invokeTestMethods(TestMethodWorker.java:146)
	at org.testng.internal.TestMethodWorker.run(TestMethodWorker.java:128)
	at java.base/java.util.ArrayList.forEach(ArrayList.java:1511)
	at org.testng.TestRunner.privateRun(TestRunner.java:794)
	at org.testng.TestRunner.run(TestRunner.java:596)
	at org.testng.SuiteRunner.runTest(SuiteRunner.java:377)
	at org.testng.SuiteRunner.access$000(SuiteRunner.java:28)
	at org.testng.SuiteRunner$SuiteWorker.run(SuiteRunner.java:418)
	at org.testng.internal.thread.ThreadUtil.lambda$execute$0(ThreadUtil.java:64)
	at java.base/java.util.concurrent.FutureTask.run(FutureTask.java:264)
	at java.base/java.util.concurrent.ThreadPoolExecutor.runWorker(ThreadPoolExecutor.java:1136)
	at java.base/java.util.concurrent.ThreadPoolExecutor$Worker.run(ThreadPoolExecutor.java:635)
	at java.base/java.lang.Thread.run(Thread.java:833)
Caused by: org.openqa.selenium.NoSuchElementException: An element could not be located on the page using the given search parameters.
For documentation on this error, please visit: https://www.seleniumhq.org/exceptions/no_such_element.html
Build info: version: '3.141.59', revision: 'e82be7d358', time: '2018-11-14T08:17:03'
System info: host: 'MBP-de-maher', ip: '2001:861:4680:c360:9960:a8bb:7e6e:e850%en0', os.name: 'Mac OS X', os.arch: 'x86_64', os.version: '12.0.1', java.version: '17.0.1'
Driver info: io.appium.java_client.android.AndroidDriver
Capabilities {app: /Users/maher/Desktop/Appium..., appActivity: com.accor.app.debug.DebugAc..., appPackage: com.accor.appli.hybrid.inhouse, automationName: UiAutomator2, chromeDriverPort: 11000, databaseEnabled: false, desired: {app: /Users/maher/Desktop/Appium..., appActivity: com.accor.app.debug.DebugAc..., appPackage: com.accor.appli.hybrid.inhouse, automationName: UiAutomator2, chromeDriverPort: 11000, deviceName: Samsung S10, platformName: android, systemPort: 10001, udid: R58M21E51VW}, deviceApiLevel: 28, deviceManufacturer: samsung, deviceModel: SM-G975F, deviceName: R58M21E51VW, deviceScreenDensity: 420, deviceScreenSize: 1080x2280, deviceUDID: R58M21E51VW, javascriptEnabled: true, locationContextEnabled: false, networkConnectionEnabled: true, pixelRatio: 2.625, platform: LINUX, platformName: Android, platformVersion: 9, statBarHeight: 110, systemPort: 10001, takesScreenshot: true, udid: R58M21E51VW, viewportRect: {height: 1937, left: 0, top: 110, width: 1080}, warnings: {}, webStorageEnabled: false}
Session ID: 409359f3-949c-454a-a9ae-bc249b50d3c5
*** Element info: {Using=xpath, value=//android.widget.FrameLayout[@content-desc="Close"]}
	at jdk.internal.reflect.GeneratedConstructorAccessor21.newInstance(Unknown Source)
	at java.base/jdk.internal.reflect.DelegatingConstructorAccessorImpl.newInstance(DelegatingConstructorAccessorImpl.java:45)
	at java.base/java.lang.reflect.Constructor.newInstanceWithCaller(Constructor.java:499)
	at java.base/java.lang.reflect.Constructor.newInstance(Constructor.java:480)
	at org.openqa.selenium.remote.http.W3CHttpResponseCodec.createException(W3CHttpResponseCodec.java:187)
	at org.openqa.selenium.remote.http.W3CHttpResponseCodec.decode(W3CHttpResponseCodec.java:122)
	at org.openqa.selenium.remote.http.W3CHttpResponseCodec.decode(W3CHttpResponseCodec.java:49)
	at org.openqa.selenium.remote.HttpCommandExecutor.execute(HttpCommandExecutor.java:158)
	at io.appium.java_client.remote.AppiumCommandExecutor.execute(AppiumCommandExecutor.java:250)
	at org.openqa.selenium.remote.RemoteWebDriver.execute(RemoteWebDriver.java:552)
	at io.appium.java_client.DefaultGenericMobileDriver.execute(DefaultGenericMobileDriver.java:41)
	at io.appium.java_client.AppiumDriver.execute(AppiumDriver.java:1)
	at io.appium.java_client.android.AndroidDriver.execute(AndroidDriver.java:1)
	at org.openqa.selenium.remote.RemoteWebDriver.findElement(RemoteWebDriver.java:323)
	at io.appium.java_client.DefaultGenericMobileDriver.findElement(DefaultGenericMobileDriver.java:61)
	at io.appium.java_client.AppiumDriver.findElement(AppiumDriver.java:1)
	at io.appium.java_client.android.AndroidDriver.findElement(AndroidDriver.java:1)
	at org.openqa.selenium.remote.RemoteWebDriver.findElementByXPath(RemoteWebDriver.java:428)
	at io.appium.java_client.DefaultGenericMobileDriver.findElementByXPath(DefaultGenericMobileDriver.java:151)
	at io.appium.java_client.AppiumDriver.findElementByXPath(AppiumDriver.java:1)
	at io.appium.java_client.android.AndroidDriver.findElementByXPath(AndroidDriver.java:1)
	at org.openqa.selenium.By$ByXPath.findElement(By.java:353)
	at org.openqa.selenium.remote.RemoteWebDriver.findElement(RemoteWebDriver.java:315)
	at io.appium.java_client.DefaultGenericMobileDriver.findElement(DefaultGenericMobileDriver.java:57)
	at io.appium.java_client.AppiumDriver.findElement(AppiumDriver.java:1)
	at io.appium.java_client.android.AndroidDriver.findElement(AndroidDriver.java:1)
	at org.openqa.selenium.support.ui.ExpectedConditions$7.apply(ExpectedConditions.java:205)
	at org.openqa.selenium.support.ui.ExpectedConditions$7.apply(ExpectedConditions.java:201)
	at org.openqa.selenium.support.ui.FluentWait.until(FluentWait.java:249)
	... 26 more

[logs/Android_Samsung S10 INFO ] 2021-12-17 15:33:50.776 BaseTest:121 - video path: videos/Android_Samsung S10/2021-12-17-15-33-18/Search/inApp.mp4
[logs/Android_Samsung S10 INFO ] 2021-12-17 15:34:03.913 BaseTest:210 - log path: logs/Android_Samsung S10
[logs/Android_Samsung S10 INFO ] 2021-12-17 15:34:03.920 BaseTest:217 - load config.properties
[logs/Android_Samsung S10 INFO ] 2021-12-17 15:34:03.926 BaseTest:222 - load strings/strings.xml
[logs/Android_Samsung S10 INFO ] 2021-12-17 15:34:03.934 BaseTest:246 - appUrl is/Users/maher/Desktop/AppiumTest/src/test/resources/app/AccorAll_9_53_21111902.apk
[logs/Android_Samsung S10 INFO ] 2021-12-17 15:34:11.450 BaseTest:268 - driver initialized: io.appium.java_client.android.AndroidDriver, Capabilities: {app=/Users/maher/Desktop/AppiumTest/src/test/resources/app/AccorAll_9_53_21111902.apk, appActivity=com.accor.app.debug.DebugActivity, appPackage=com.accor.appli.hybrid.inhouse, automationName=UiAutomator2, chromeDriverPort=11000, databaseEnabled=false, desired={platformName=android, chromeDriverPort=11000, app=/Users/maher/Desktop/AppiumTest/src/test/resources/app/AccorAll_9_53_21111902.apk, appActivity=com.accor.app.debug.DebugActivity, appPackage=com.accor.appli.hybrid.inhouse, automationName=UiAutomator2, deviceName=Samsung S10, systemPort=10001, udid=R58M21E51VW}, deviceApiLevel=28, deviceManufacturer=samsung, deviceModel=SM-G975F, deviceName=R58M21E51VW, deviceScreenDensity=420, deviceScreenSize=1080x2280, deviceUDID=R58M21E51VW, javascriptEnabled=true, locationContextEnabled=false, networkConnectionEnabled=true, pixelRatio=2.625, platform=LINUX, platformName=Android, platformVersion=9, statBarHeight=110, systemPort=10001, takesScreenshot=true, udid=R58M21E51VW, viewportRect={left=0, top=110, width=1080, height=1937}, warnings={}, webStorageEnabled=false}
[logs/Android_Samsung S10 ERROR] 2021-12-17 15:34:17.967 TestListener:32 - org.openqa.selenium.WebDriverException: An unknown server-side error occurred while processing the command. Original error: 'POST /element' cannot be proxied to UiAutomator2 server because the instrumentation process is not running (probably crashed). Check the server log and/or the logcat output for more details
Build info: version: '3.141.59', revision: 'e82be7d358', time: '2018-11-14T08:17:03'
System info: host: 'MBP-de-maher', ip: '2001:861:4680:c360:9960:a8bb:7e6e:e850%en0', os.name: 'Mac OS X', os.arch: 'x86_64', os.version: '12.0.1', java.version: '17.0.1'
Driver info: io.appium.java_client.android.AndroidDriver
Capabilities {app: /Users/maher/Desktop/Appium..., appActivity: com.accor.app.debug.DebugAc..., appPackage: com.accor.appli.hybrid.inhouse, automationName: UiAutomator2, chromeDriverPort: 11000, databaseEnabled: false, desired: {app: /Users/maher/Desktop/Appium..., appActivity: com.accor.app.debug.DebugAc..., appPackage: com.accor.appli.hybrid.inhouse, automationName: UiAutomator2, chromeDriverPort: 11000, deviceName: Samsung S10, platformName: android, systemPort: 10001, udid: R58M21E51VW}, deviceApiLevel: 28, deviceManufacturer: samsung, deviceModel: SM-G975F, deviceName: R58M21E51VW, deviceScreenDensity: 420, deviceScreenSize: 1080x2280, deviceUDID: R58M21E51VW, javascriptEnabled: true, locationContextEnabled: false, networkConnectionEnabled: true, pixelRatio: 2.625, platform: LINUX, platformName: Android, platformVersion: 9, statBarHeight: 110, systemPort: 10001, takesScreenshot: true, udid: R58M21E51VW, viewportRect: {height: 1937, left: 0, top: 110, width: 1080}, warnings: {}, webStorageEnabled: false}
Session ID: 7dc278ba-7520-45e2-a23d-6407ae7c319c
*** Element info: {Using=xpath, value=//android.widget.FrameLayout[@content-desc="Close"]}
	at java.base/jdk.internal.reflect.NativeConstructorAccessorImpl.newInstance0(Native Method)
	at java.base/jdk.internal.reflect.NativeConstructorAccessorImpl.newInstance(NativeConstructorAccessorImpl.java:77)
	at java.base/jdk.internal.reflect.DelegatingConstructorAccessorImpl.newInstance(DelegatingConstructorAccessorImpl.java:45)
	at java.base/java.lang.reflect.Constructor.newInstanceWithCaller(Constructor.java:499)
	at java.base/java.lang.reflect.Constructor.newInstance(Constructor.java:480)
	at org.openqa.selenium.remote.http.W3CHttpResponseCodec.createException(W3CHttpResponseCodec.java:187)
	at org.openqa.selenium.remote.http.W3CHttpResponseCodec.decode(W3CHttpResponseCodec.java:122)
	at org.openqa.selenium.remote.http.W3CHttpResponseCodec.decode(W3CHttpResponseCodec.java:49)
	at org.openqa.selenium.remote.HttpCommandExecutor.execute(HttpCommandExecutor.java:158)
	at io.appium.java_client.remote.AppiumCommandExecutor.execute(AppiumCommandExecutor.java:250)
	at org.openqa.selenium.remote.RemoteWebDriver.execute(RemoteWebDriver.java:552)
	at io.appium.java_client.DefaultGenericMobileDriver.execute(DefaultGenericMobileDriver.java:41)
	at io.appium.java_client.AppiumDriver.execute(AppiumDriver.java:1)
	at io.appium.java_client.android.AndroidDriver.execute(AndroidDriver.java:1)
	at org.openqa.selenium.remote.RemoteWebDriver.findElement(RemoteWebDriver.java:323)
	at io.appium.java_client.DefaultGenericMobileDriver.findElement(DefaultGenericMobileDriver.java:61)
	at io.appium.java_client.AppiumDriver.findElement(AppiumDriver.java:1)
	at io.appium.java_client.android.AndroidDriver.findElement(AndroidDriver.java:1)
	at org.openqa.selenium.remote.RemoteWebDriver.findElementByXPath(RemoteWebDriver.java:428)
	at io.appium.java_client.DefaultGenericMobileDriver.findElementByXPath(DefaultGenericMobileDriver.java:151)
	at io.appium.java_client.AppiumDriver.findElementByXPath(AppiumDriver.java:1)
	at io.appium.java_client.android.AndroidDriver.findElementByXPath(AndroidDriver.java:1)
	at org.openqa.selenium.By$ByXPath.findElement(By.java:353)
	at org.openqa.selenium.remote.RemoteWebDriver.findElement(RemoteWebDriver.java:315)
	at io.appium.java_client.DefaultGenericMobileDriver.findElement(DefaultGenericMobileDriver.java:57)
	at io.appium.java_client.AppiumDriver.findElement(AppiumDriver.java:1)
	at io.appium.java_client.android.AndroidDriver.findElement(AndroidDriver.java:1)
	at org.openqa.selenium.support.ui.ExpectedConditions$7.apply(ExpectedConditions.java:205)
	at org.openqa.selenium.support.ui.ExpectedConditions$7.apply(ExpectedConditions.java:201)
	at org.openqa.selenium.support.ui.FluentWait.until(FluentWait.java:249)
	at com.qa.BasePage.waitAndClick(BasePage.java:25)
	at com.qa.pages.PageLogin.SearchHotel(PageLogin.java:29)
	at com.qa.tests.Search.inApp(Search.java:25)
	at java.base/jdk.internal.reflect.NativeMethodAccessorImpl.invoke0(Native Method)
	at java.base/jdk.internal.reflect.NativeMethodAccessorImpl.invoke(NativeMethodAccessorImpl.java:77)
	at java.base/jdk.internal.reflect.DelegatingMethodAccessorImpl.invoke(DelegatingMethodAccessorImpl.java:43)
	at java.base/java.lang.reflect.Method.invoke(Method.java:568)
	at org.testng.internal.MethodInvocationHelper.invokeMethod(MethodInvocationHelper.java:133)
	at org.testng.internal.TestInvoker.invokeMethod(TestInvoker.java:598)
	at org.testng.internal.TestInvoker.invokeTestMethod(TestInvoker.java:173)
	at org.testng.internal.MethodRunner.runInSequence(MethodRunner.java:46)
	at org.testng.internal.TestInvoker$MethodInvocationAgent.invoke(TestInvoker.java:824)
	at org.testng.internal.TestInvoker.invokeTestMethods(TestInvoker.java:146)
	at org.testng.internal.TestMethodWorker.invokeTestMethods(TestMethodWorker.java:146)
	at org.testng.internal.TestMethodWorker.run(TestMethodWorker.java:128)
	at java.base/java.util.ArrayList.forEach(ArrayList.java:1511)
	at org.testng.TestRunner.privateRun(TestRunner.java:794)
	at org.testng.TestRunner.run(TestRunner.java:596)
	at org.testng.SuiteRunner.runTest(SuiteRunner.java:377)
	at org.testng.SuiteRunner.access$000(SuiteRunner.java:28)
	at org.testng.SuiteRunner$SuiteWorker.run(SuiteRunner.java:418)
	at org.testng.internal.thread.ThreadUtil.lambda$execute$0(ThreadUtil.java:64)
	at java.base/java.util.concurrent.FutureTask.run(FutureTask.java:264)
	at java.base/java.util.concurrent.ThreadPoolExecutor.runWorker(ThreadPoolExecutor.java:1136)
	at java.base/java.util.concurrent.ThreadPoolExecutor$Worker.run(ThreadPoolExecutor.java:635)
	at java.base/java.lang.Thread.run(Thread.java:833)

[logs/Android_Samsung S10 ERROR] 2021-12-17 15:34:17.984 TestListener:32 - org.openqa.selenium.WebDriverException: An unknown server-side error occurred while processing the command. Original error: 'GET /screenshot' cannot be proxied to UiAutomator2 server because the instrumentation process is not running (probably crashed). Check the server log and/or the logcat output for more details
Build info: version: '3.141.59', revision: 'e82be7d358', time: '2018-11-14T08:17:03'
System info: host: 'MBP-de-maher', ip: '2001:861:4680:c360:9960:a8bb:7e6e:e850%en0', os.name: 'Mac OS X', os.arch: 'x86_64', os.version: '12.0.1', java.version: '17.0.1'
Driver info: io.appium.java_client.android.AndroidDriver
Capabilities {app: /Users/maher/Desktop/Appium..., appActivity: com.accor.app.debug.DebugAc..., appPackage: com.accor.appli.hybrid.inhouse, automationName: UiAutomator2, chromeDriverPort: 11000, databaseEnabled: false, desired: {app: /Users/maher/Desktop/Appium..., appActivity: com.accor.app.debug.DebugAc..., appPackage: com.accor.appli.hybrid.inhouse, automationName: UiAutomator2, chromeDriverPort: 11000, deviceName: Samsung S10, platformName: android, systemPort: 10001, udid: R58M21E51VW}, deviceApiLevel: 28, deviceManufacturer: samsung, deviceModel: SM-G975F, deviceName: R58M21E51VW, deviceScreenDensity: 420, deviceScreenSize: 1080x2280, deviceUDID: R58M21E51VW, javascriptEnabled: true, locationContextEnabled: false, networkConnectionEnabled: true, pixelRatio: 2.625, platform: LINUX, platformName: Android, platformVersion: 9, statBarHeight: 110, systemPort: 10001, takesScreenshot: true, udid: R58M21E51VW, viewportRect: {height: 1937, left: 0, top: 110, width: 1080}, warnings: {}, webStorageEnabled: false}
Session ID: 7dc278ba-7520-45e2-a23d-6407ae7c319c
	at java.base/jdk.internal.reflect.NativeConstructorAccessorImpl.newInstance0(Native Method)
	at java.base/jdk.internal.reflect.NativeConstructorAccessorImpl.newInstance(NativeConstructorAccessorImpl.java:77)
	at java.base/jdk.internal.reflect.DelegatingConstructorAccessorImpl.newInstance(DelegatingConstructorAccessorImpl.java:45)
	at java.base/java.lang.reflect.Constructor.newInstanceWithCaller(Constructor.java:499)
	at java.base/java.lang.reflect.Constructor.newInstance(Constructor.java:480)
	at org.openqa.selenium.remote.http.W3CHttpResponseCodec.createException(W3CHttpResponseCodec.java:187)
	at org.openqa.selenium.remote.http.W3CHttpResponseCodec.decode(W3CHttpResponseCodec.java:122)
	at org.openqa.selenium.remote.http.W3CHttpResponseCodec.decode(W3CHttpResponseCodec.java:49)
	at org.openqa.selenium.remote.HttpCommandExecutor.execute(HttpCommandExecutor.java:158)
	at io.appium.java_client.remote.AppiumCommandExecutor.execute(AppiumCommandExecutor.java:250)
	at org.openqa.selenium.remote.RemoteWebDriver.execute(RemoteWebDriver.java:552)
	at io.appium.java_client.DefaultGenericMobileDriver.execute(DefaultGenericMobileDriver.java:45)
	at io.appium.java_client.AppiumDriver.execute(AppiumDriver.java:1)
	at io.appium.java_client.android.AndroidDriver.execute(AndroidDriver.java:1)
	at org.openqa.selenium.remote.RemoteWebDriver.getScreenshotAs(RemoteWebDriver.java:295)
	at com.qa.listeners.TestListener.onTestFailure(TestListener.java:36)
	at org.testng.internal.TestListenerHelper.runTestListeners(TestListenerHelper.java:96)
	at org.testng.internal.TestInvoker.runTestResultListener(TestInvoker.java:219)
	at org.testng.internal.TestInvoker.invokeMethod(TestInvoker.java:656)
	at org.testng.internal.TestInvoker.invokeTestMethod(TestInvoker.java:173)
	at org.testng.internal.MethodRunner.runInSequence(MethodRunner.java:46)
	at org.testng.internal.TestInvoker$MethodInvocationAgent.invoke(TestInvoker.java:824)
	at org.testng.internal.TestInvoker.invokeTestMethods(TestInvoker.java:146)
	at org.testng.internal.TestMethodWorker.invokeTestMethods(TestMethodWorker.java:146)
	at org.testng.internal.TestMethodWorker.run(TestMethodWorker.java:128)
	at java.base/java.util.ArrayList.forEach(ArrayList.java:1511)
	at org.testng.TestRunner.privateRun(TestRunner.java:794)
	at org.testng.TestRunner.run(TestRunner.java:596)
	at org.testng.SuiteRunner.runTest(SuiteRunner.java:377)
	at org.testng.SuiteRunner.access$000(SuiteRunner.java:28)
	at org.testng.SuiteRunner$SuiteWorker.run(SuiteRunner.java:418)
	at org.testng.internal.thread.ThreadUtil.lambda$execute$0(ThreadUtil.java:64)
	at java.base/java.util.concurrent.FutureTask.run(FutureTask.java:264)
	at java.base/java.util.concurrent.ThreadPoolExecutor.runWorker(ThreadPoolExecutor.java:1136)
	at java.base/java.util.concurrent.ThreadPoolExecutor$Worker.run(ThreadPoolExecutor.java:635)
	at java.base/java.lang.Thread.run(Thread.java:833)

[logs/Android_Samsung S10 INFO ] 2021-12-17 15:34:34.584 BaseTest:210 - log path: logs/Android_Samsung S10
[logs/Android_Samsung S10 INFO ] 2021-12-17 15:34:34.590 BaseTest:217 - load config.properties
[logs/Android_Samsung S10 INFO ] 2021-12-17 15:34:34.592 BaseTest:222 - load strings/strings.xml
[logs/Android_Samsung S10 INFO ] 2021-12-17 15:34:34.602 BaseTest:246 - appUrl is/Users/maher/Desktop/AppiumTest/src/test/resources/app/AccorAll_9_53_21111902.apk
[logs/Android_Samsung S10 INFO ] 2021-12-17 15:34:43.033 BaseTest:268 - driver initialized: io.appium.java_client.android.AndroidDriver, Capabilities: {app=/Users/maher/Desktop/AppiumTest/src/test/resources/app/AccorAll_9_53_21111902.apk, appActivity=com.accor.app.debug.DebugActivity, appPackage=com.accor.appli.hybrid.inhouse, automationName=UiAutomator2, chromeDriverPort=11000, databaseEnabled=false, desired={platformName=android, chromeDriverPort=11000, app=/Users/maher/Desktop/AppiumTest/src/test/resources/app/AccorAll_9_53_21111902.apk, appActivity=com.accor.app.debug.DebugActivity, appPackage=com.accor.appli.hybrid.inhouse, automationName=UiAutomator2, deviceName=Samsung S10, systemPort=10001, udid=R58M21E51VW}, deviceApiLevel=28, deviceManufacturer=samsung, deviceModel=SM-G975F, deviceName=R58M21E51VW, deviceScreenDensity=420, deviceScreenSize=1080x2280, deviceUDID=R58M21E51VW, javascriptEnabled=true, locationContextEnabled=false, networkConnectionEnabled=true, pixelRatio=2.625, platform=LINUX, platformName=Android, platformVersion=9, statBarHeight=110, systemPort=10001, takesScreenshot=true, udid=R58M21E51VW, viewportRect={left=0, top=110, width=1080, height=1937}, warnings={}, webStorageEnabled=false}
[logs/Android_Samsung S10 ERROR] 2021-12-17 15:35:04.871 TestListener:32 - org.openqa.selenium.TimeoutException: Expected condition failed: waiting for visibility of element located by By.xpath: //android.widget.FrameLayout[@content-desc="Close"] (tried for 15 second(s) with 500 milliseconds interval)
	at org.openqa.selenium.support.ui.WebDriverWait.timeoutException(WebDriverWait.java:95)
	at org.openqa.selenium.support.ui.FluentWait.until(FluentWait.java:272)
	at com.qa.BasePage.waitAndClick(BasePage.java:25)
	at com.qa.pages.PageLogin.SearchHotel(PageLogin.java:29)
	at com.qa.tests.Search.inApp(Search.java:25)
	at java.base/jdk.internal.reflect.NativeMethodAccessorImpl.invoke0(Native Method)
	at java.base/jdk.internal.reflect.NativeMethodAccessorImpl.invoke(NativeMethodAccessorImpl.java:77)
	at java.base/jdk.internal.reflect.DelegatingMethodAccessorImpl.invoke(DelegatingMethodAccessorImpl.java:43)
	at java.base/java.lang.reflect.Method.invoke(Method.java:568)
	at org.testng.internal.MethodInvocationHelper.invokeMethod(MethodInvocationHelper.java:133)
	at org.testng.internal.TestInvoker.invokeMethod(TestInvoker.java:598)
	at org.testng.internal.TestInvoker.invokeTestMethod(TestInvoker.java:173)
	at org.testng.internal.MethodRunner.runInSequence(MethodRunner.java:46)
	at org.testng.internal.TestInvoker$MethodInvocationAgent.invoke(TestInvoker.java:824)
	at org.testng.internal.TestInvoker.invokeTestMethods(TestInvoker.java:146)
	at org.testng.internal.TestMethodWorker.invokeTestMethods(TestMethodWorker.java:146)
	at org.testng.internal.TestMethodWorker.run(TestMethodWorker.java:128)
	at java.base/java.util.ArrayList.forEach(ArrayList.java:1511)
	at org.testng.TestRunner.privateRun(TestRunner.java:794)
	at org.testng.TestRunner.run(TestRunner.java:596)
	at org.testng.SuiteRunner.runTest(SuiteRunner.java:377)
	at org.testng.SuiteRunner.access$000(SuiteRunner.java:28)
	at org.testng.SuiteRunner$SuiteWorker.run(SuiteRunner.java:418)
	at org.testng.internal.thread.ThreadUtil.lambda$execute$0(ThreadUtil.java:64)
	at java.base/java.util.concurrent.FutureTask.run(FutureTask.java:264)
	at java.base/java.util.concurrent.ThreadPoolExecutor.runWorker(ThreadPoolExecutor.java:1136)
	at java.base/java.util.concurrent.ThreadPoolExecutor$Worker.run(ThreadPoolExecutor.java:635)
	at java.base/java.lang.Thread.run(Thread.java:833)
Caused by: org.openqa.selenium.NoSuchElementException: An element could not be located on the page using the given search parameters.
For documentation on this error, please visit: https://www.seleniumhq.org/exceptions/no_such_element.html
Build info: version: '3.141.59', revision: 'e82be7d358', time: '2018-11-14T08:17:03'
System info: host: 'MBP-de-maher', ip: '2001:861:4680:c360:9960:a8bb:7e6e:e850%en0', os.name: 'Mac OS X', os.arch: 'x86_64', os.version: '12.0.1', java.version: '17.0.1'
Driver info: io.appium.java_client.android.AndroidDriver
Capabilities {app: /Users/maher/Desktop/Appium..., appActivity: com.accor.app.debug.DebugAc..., appPackage: com.accor.appli.hybrid.inhouse, automationName: UiAutomator2, chromeDriverPort: 11000, databaseEnabled: false, desired: {app: /Users/maher/Desktop/Appium..., appActivity: com.accor.app.debug.DebugAc..., appPackage: com.accor.appli.hybrid.inhouse, automationName: UiAutomator2, chromeDriverPort: 11000, deviceName: Samsung S10, platformName: android, systemPort: 10001, udid: R58M21E51VW}, deviceApiLevel: 28, deviceManufacturer: samsung, deviceModel: SM-G975F, deviceName: R58M21E51VW, deviceScreenDensity: 420, deviceScreenSize: 1080x2280, deviceUDID: R58M21E51VW, javascriptEnabled: true, locationContextEnabled: false, networkConnectionEnabled: true, pixelRatio: 2.625, platform: LINUX, platformName: Android, platformVersion: 9, statBarHeight: 110, systemPort: 10001, takesScreenshot: true, udid: R58M21E51VW, viewportRect: {height: 1937, left: 0, top: 110, width: 1080}, warnings: {}, webStorageEnabled: false}
Session ID: a0dab541-c73d-4f26-8743-6978b8d048ea
*** Element info: {Using=xpath, value=//android.widget.FrameLayout[@content-desc="Close"]}
	at jdk.internal.reflect.GeneratedConstructorAccessor20.newInstance(Unknown Source)
	at java.base/jdk.internal.reflect.DelegatingConstructorAccessorImpl.newInstance(DelegatingConstructorAccessorImpl.java:45)
	at java.base/java.lang.reflect.Constructor.newInstanceWithCaller(Constructor.java:499)
	at java.base/java.lang.reflect.Constructor.newInstance(Constructor.java:480)
	at org.openqa.selenium.remote.http.W3CHttpResponseCodec.createException(W3CHttpResponseCodec.java:187)
	at org.openqa.selenium.remote.http.W3CHttpResponseCodec.decode(W3CHttpResponseCodec.java:122)
	at org.openqa.selenium.remote.http.W3CHttpResponseCodec.decode(W3CHttpResponseCodec.java:49)
	at org.openqa.selenium.remote.HttpCommandExecutor.execute(HttpCommandExecutor.java:158)
	at io.appium.java_client.remote.AppiumCommandExecutor.execute(AppiumCommandExecutor.java:250)
	at org.openqa.selenium.remote.RemoteWebDriver.execute(RemoteWebDriver.java:552)
	at io.appium.java_client.DefaultGenericMobileDriver.execute(DefaultGenericMobileDriver.java:41)
	at io.appium.java_client.AppiumDriver.execute(AppiumDriver.java:1)
	at io.appium.java_client.android.AndroidDriver.execute(AndroidDriver.java:1)
	at org.openqa.selenium.remote.RemoteWebDriver.findElement(RemoteWebDriver.java:323)
	at io.appium.java_client.DefaultGenericMobileDriver.findElement(DefaultGenericMobileDriver.java:61)
	at io.appium.java_client.AppiumDriver.findElement(AppiumDriver.java:1)
	at io.appium.java_client.android.AndroidDriver.findElement(AndroidDriver.java:1)
	at org.openqa.selenium.remote.RemoteWebDriver.findElementByXPath(RemoteWebDriver.java:428)
	at io.appium.java_client.DefaultGenericMobileDriver.findElementByXPath(DefaultGenericMobileDriver.java:151)
	at io.appium.java_client.AppiumDriver.findElementByXPath(AppiumDriver.java:1)
	at io.appium.java_client.android.AndroidDriver.findElementByXPath(AndroidDriver.java:1)
	at org.openqa.selenium.By$ByXPath.findElement(By.java:353)
	at org.openqa.selenium.remote.RemoteWebDriver.findElement(RemoteWebDriver.java:315)
	at io.appium.java_client.DefaultGenericMobileDriver.findElement(DefaultGenericMobileDriver.java:57)
	at io.appium.java_client.AppiumDriver.findElement(AppiumDriver.java:1)
	at io.appium.java_client.android.AndroidDriver.findElement(AndroidDriver.java:1)
	at org.openqa.selenium.support.ui.ExpectedConditions$7.apply(ExpectedConditions.java:205)
	at org.openqa.selenium.support.ui.ExpectedConditions$7.apply(ExpectedConditions.java:201)
	at org.openqa.selenium.support.ui.FluentWait.until(FluentWait.java:249)
	... 26 more

[logs/Android_Samsung S10 INFO ] 2021-12-17 15:35:07.115 BaseTest:121 - video path: videos/Android_Samsung S10/2021-12-17-15-34-34/Search/inApp.mp4
[logs/Android_Samsung S10 INFO ] 2021-12-17 15:39:21.985 BaseTest:210 - log path: logs/Android_Samsung S10
[logs/Android_Samsung S10 INFO ] 2021-12-17 15:39:21.990 BaseTest:217 - load config.properties
[logs/Android_Samsung S10 INFO ] 2021-12-17 15:39:21.993 BaseTest:222 - load strings/strings.xml
[logs/Android_Samsung S10 INFO ] 2021-12-17 15:39:22.003 BaseTest:246 - appUrl is/Users/maher/Desktop/AppiumTest/src/test/resources/app/AccorAll_9_53_21111902.apk
[logs/Android_Samsung S10 INFO ] 2021-12-17 15:39:29.181 BaseTest:268 - driver initialized: io.appium.java_client.android.AndroidDriver, Capabilities: {app=/Users/maher/Desktop/AppiumTest/src/test/resources/app/AccorAll_9_53_21111902.apk, appActivity=com.accor.app.debug.DebugActivity, appPackage=com.accor.appli.hybrid.inhouse, automationName=UiAutomator2, chromeDriverPort=11000, databaseEnabled=false, desired={platformName=android, chromeDriverPort=11000, app=/Users/maher/Desktop/AppiumTest/src/test/resources/app/AccorAll_9_53_21111902.apk, appActivity=com.accor.app.debug.DebugActivity, appPackage=com.accor.appli.hybrid.inhouse, automationName=UiAutomator2, deviceName=Samsung S10, systemPort=10001, udid=R58M21E51VW}, deviceApiLevel=28, deviceManufacturer=samsung, deviceModel=SM-G975F, deviceName=R58M21E51VW, deviceScreenDensity=420, deviceScreenSize=1080x2280, deviceUDID=R58M21E51VW, javascriptEnabled=true, locationContextEnabled=false, networkConnectionEnabled=true, pixelRatio=2.625, platform=LINUX, platformName=Android, platformVersion=9, statBarHeight=110, systemPort=10001, takesScreenshot=true, udid=R58M21E51VW, viewportRect={left=0, top=110, width=1080, height=1937}, warnings={}, webStorageEnabled=false}
[logs/Android_Samsung S10 ERROR] 2021-12-17 15:39:39.024 TestListener:32 - org.openqa.selenium.InvalidElementStateException: Cannot set the element to 'Paris'. Did you interact with the correct element?
Build info: version: '3.141.59', revision: 'e82be7d358', time: '2018-11-14T08:17:03'
System info: host: 'MBP-de-maher', ip: '2001:861:4680:c360:9960:a8bb:7e6e:e850%en0', os.name: 'Mac OS X', os.arch: 'x86_64', os.version: '12.0.1', java.version: '17.0.1'
Driver info: io.appium.java_client.android.AndroidDriver
Capabilities {app: /Users/maher/Desktop/Appium..., appActivity: com.accor.app.debug.DebugAc..., appPackage: com.accor.appli.hybrid.inhouse, automationName: UiAutomator2, chromeDriverPort: 11000, databaseEnabled: false, desired: {app: /Users/maher/Desktop/Appium..., appActivity: com.accor.app.debug.DebugAc..., appPackage: com.accor.appli.hybrid.inhouse, automationName: UiAutomator2, chromeDriverPort: 11000, deviceName: Samsung S10, platformName: android, systemPort: 10001, udid: R58M21E51VW}, deviceApiLevel: 28, deviceManufacturer: samsung, deviceModel: SM-G975F, deviceName: R58M21E51VW, deviceScreenDensity: 420, deviceScreenSize: 1080x2280, deviceUDID: R58M21E51VW, javascriptEnabled: true, locationContextEnabled: false, networkConnectionEnabled: true, pixelRatio: 2.625, platform: LINUX, platformName: Android, platformVersion: 9, statBarHeight: 110, systemPort: 10001, takesScreenshot: true, udid: R58M21E51VW, viewportRect: {height: 1937, left: 0, top: 110, width: 1080}, warnings: {}, webStorageEnabled: false}
Session ID: 78b58f30-9a5f-4ec5-9bb7-f535bf0577d7
	at java.base/jdk.internal.reflect.NativeConstructorAccessorImpl.newInstance0(Native Method)
	at java.base/jdk.internal.reflect.NativeConstructorAccessorImpl.newInstance(NativeConstructorAccessorImpl.java:77)
	at java.base/jdk.internal.reflect.DelegatingConstructorAccessorImpl.newInstance(DelegatingConstructorAccessorImpl.java:45)
	at java.base/java.lang.reflect.Constructor.newInstanceWithCaller(Constructor.java:499)
	at java.base/java.lang.reflect.Constructor.newInstance(Constructor.java:480)
	at org.openqa.selenium.remote.http.W3CHttpResponseCodec.createException(W3CHttpResponseCodec.java:187)
	at org.openqa.selenium.remote.http.W3CHttpResponseCodec.decode(W3CHttpResponseCodec.java:122)
	at org.openqa.selenium.remote.http.W3CHttpResponseCodec.decode(W3CHttpResponseCodec.java:49)
	at org.openqa.selenium.remote.HttpCommandExecutor.execute(HttpCommandExecutor.java:158)
	at io.appium.java_client.remote.AppiumCommandExecutor.execute(AppiumCommandExecutor.java:250)
	at org.openqa.selenium.remote.RemoteWebDriver.execute(RemoteWebDriver.java:552)
	at io.appium.java_client.DefaultGenericMobileDriver.execute(DefaultGenericMobileDriver.java:41)
	at io.appium.java_client.AppiumDriver.execute(AppiumDriver.java:1)
	at io.appium.java_client.android.AndroidDriver.execute(AndroidDriver.java:1)
	at org.openqa.selenium.remote.RemoteWebElement.execute(RemoteWebElement.java:285)
	at io.appium.java_client.DefaultGenericMobileElement.execute(DefaultGenericMobileElement.java:45)
	at io.appium.java_client.MobileElement.execute(MobileElement.java:1)
	at io.appium.java_client.android.AndroidElement.execute(AndroidElement.java:1)
	at org.openqa.selenium.remote.RemoteWebElement.sendKeys(RemoteWebElement.java:106)
	at com.qa.BasePage.sendText(BasePage.java:59)
	at com.qa.pages.PageLogin.SearchHotel(PageLogin.java:31)
	at com.qa.tests.Search.inApp(Search.java:25)
	at java.base/jdk.internal.reflect.NativeMethodAccessorImpl.invoke0(Native Method)
	at java.base/jdk.internal.reflect.NativeMethodAccessorImpl.invoke(NativeMethodAccessorImpl.java:77)
	at java.base/jdk.internal.reflect.DelegatingMethodAccessorImpl.invoke(DelegatingMethodAccessorImpl.java:43)
	at java.base/java.lang.reflect.Method.invoke(Method.java:568)
	at org.testng.internal.MethodInvocationHelper.invokeMethod(MethodInvocationHelper.java:133)
	at org.testng.internal.TestInvoker.invokeMethod(TestInvoker.java:598)
	at org.testng.internal.TestInvoker.invokeTestMethod(TestInvoker.java:173)
	at org.testng.internal.MethodRunner.runInSequence(MethodRunner.java:46)
	at org.testng.internal.TestInvoker$MethodInvocationAgent.invoke(TestInvoker.java:824)
	at org.testng.internal.TestInvoker.invokeTestMethods(TestInvoker.java:146)
	at org.testng.internal.TestMethodWorker.invokeTestMethods(TestMethodWorker.java:146)
	at org.testng.internal.TestMethodWorker.run(TestMethodWorker.java:128)
	at java.base/java.util.ArrayList.forEach(ArrayList.java:1511)
	at org.testng.TestRunner.privateRun(TestRunner.java:794)
	at org.testng.TestRunner.run(TestRunner.java:596)
	at org.testng.SuiteRunner.runTest(SuiteRunner.java:377)
	at org.testng.SuiteRunner.access$000(SuiteRunner.java:28)
	at org.testng.SuiteRunner$SuiteWorker.run(SuiteRunner.java:418)
	at org.testng.internal.thread.ThreadUtil.lambda$execute$0(ThreadUtil.java:64)
	at java.base/java.util.concurrent.FutureTask.run(FutureTask.java:264)
	at java.base/java.util.concurrent.ThreadPoolExecutor.runWorker(ThreadPoolExecutor.java:1136)
	at java.base/java.util.concurrent.ThreadPoolExecutor$Worker.run(ThreadPoolExecutor.java:635)
	at java.base/java.lang.Thread.run(Thread.java:833)

[logs/Android_Samsung S10 INFO ] 2021-12-17 15:39:42.287 BaseTest:121 - video path: videos/Android_Samsung S10/2021-12-17-15-39-21/Search/inApp.mp4
[logs/Android_Samsung S10 INFO ] 2021-12-17 15:41:49.865 BaseTest:210 - log path: logs/Android_Samsung S10
[logs/Android_Samsung S10 INFO ] 2021-12-17 15:41:49.871 BaseTest:217 - load config.properties
[logs/Android_Samsung S10 INFO ] 2021-12-17 15:41:49.873 BaseTest:222 - load strings/strings.xml
[logs/Android_Samsung S10 INFO ] 2021-12-17 15:41:49.882 BaseTest:246 - appUrl is/Users/maher/Desktop/AppiumTest/src/test/resources/app/AccorAll_9_53_21111902.apk
[logs/Android_Samsung S10 INFO ] 2021-12-17 15:41:56.907 BaseTest:268 - driver initialized: io.appium.java_client.android.AndroidDriver, Capabilities: {app=/Users/maher/Desktop/AppiumTest/src/test/resources/app/AccorAll_9_53_21111902.apk, appActivity=com.accor.app.debug.DebugActivity, appPackage=com.accor.appli.hybrid.inhouse, automationName=UiAutomator2, chromeDriverPort=11000, databaseEnabled=false, desired={platformName=android, chromeDriverPort=11000, app=/Users/maher/Desktop/AppiumTest/src/test/resources/app/AccorAll_9_53_21111902.apk, appActivity=com.accor.app.debug.DebugActivity, appPackage=com.accor.appli.hybrid.inhouse, automationName=UiAutomator2, deviceName=Samsung S10, systemPort=10001, udid=R58M21E51VW}, deviceApiLevel=28, deviceManufacturer=samsung, deviceModel=SM-G975F, deviceName=R58M21E51VW, deviceScreenDensity=420, deviceScreenSize=1080x2280, deviceUDID=R58M21E51VW, javascriptEnabled=true, locationContextEnabled=false, networkConnectionEnabled=true, pixelRatio=2.625, platform=LINUX, platformName=Android, platformVersion=9, statBarHeight=110, systemPort=10001, takesScreenshot=true, udid=R58M21E51VW, viewportRect={left=0, top=110, width=1080, height=1937}, warnings={}, webStorageEnabled=false}
[logs/Android_Samsung S10 ERROR] 2021-12-17 15:42:05.228 TestListener:32 - org.openqa.selenium.InvalidElementStateException: Cannot set the element to 'Paris'. Did you interact with the correct element?
Build info: version: '3.141.59', revision: 'e82be7d358', time: '2018-11-14T08:17:03'
System info: host: 'MBP-de-maher', ip: '2001:861:4680:c360:9960:a8bb:7e6e:e850%en0', os.name: 'Mac OS X', os.arch: 'x86_64', os.version: '12.0.1', java.version: '17.0.1'
Driver info: io.appium.java_client.android.AndroidDriver
Capabilities {app: /Users/maher/Desktop/Appium..., appActivity: com.accor.app.debug.DebugAc..., appPackage: com.accor.appli.hybrid.inhouse, automationName: UiAutomator2, chromeDriverPort: 11000, databaseEnabled: false, desired: {app: /Users/maher/Desktop/Appium..., appActivity: com.accor.app.debug.DebugAc..., appPackage: com.accor.appli.hybrid.inhouse, automationName: UiAutomator2, chromeDriverPort: 11000, deviceName: Samsung S10, platformName: android, systemPort: 10001, udid: R58M21E51VW}, deviceApiLevel: 28, deviceManufacturer: samsung, deviceModel: SM-G975F, deviceName: R58M21E51VW, deviceScreenDensity: 420, deviceScreenSize: 1080x2280, deviceUDID: R58M21E51VW, javascriptEnabled: true, locationContextEnabled: false, networkConnectionEnabled: true, pixelRatio: 2.625, platform: LINUX, platformName: Android, platformVersion: 9, statBarHeight: 110, systemPort: 10001, takesScreenshot: true, udid: R58M21E51VW, viewportRect: {height: 1937, left: 0, top: 110, width: 1080}, warnings: {}, webStorageEnabled: false}
Session ID: 931847b3-e5cb-4980-9a72-e44019269be2
	at java.base/jdk.internal.reflect.NativeConstructorAccessorImpl.newInstance0(Native Method)
	at java.base/jdk.internal.reflect.NativeConstructorAccessorImpl.newInstance(NativeConstructorAccessorImpl.java:77)
	at java.base/jdk.internal.reflect.DelegatingConstructorAccessorImpl.newInstance(DelegatingConstructorAccessorImpl.java:45)
	at java.base/java.lang.reflect.Constructor.newInstanceWithCaller(Constructor.java:499)
	at java.base/java.lang.reflect.Constructor.newInstance(Constructor.java:480)
	at org.openqa.selenium.remote.http.W3CHttpResponseCodec.createException(W3CHttpResponseCodec.java:187)
	at org.openqa.selenium.remote.http.W3CHttpResponseCodec.decode(W3CHttpResponseCodec.java:122)
	at org.openqa.selenium.remote.http.W3CHttpResponseCodec.decode(W3CHttpResponseCodec.java:49)
	at org.openqa.selenium.remote.HttpCommandExecutor.execute(HttpCommandExecutor.java:158)
	at io.appium.java_client.remote.AppiumCommandExecutor.execute(AppiumCommandExecutor.java:250)
	at org.openqa.selenium.remote.RemoteWebDriver.execute(RemoteWebDriver.java:552)
	at io.appium.java_client.DefaultGenericMobileDriver.execute(DefaultGenericMobileDriver.java:41)
	at io.appium.java_client.AppiumDriver.execute(AppiumDriver.java:1)
	at io.appium.java_client.android.AndroidDriver.execute(AndroidDriver.java:1)
	at org.openqa.selenium.remote.RemoteWebElement.execute(RemoteWebElement.java:285)
	at io.appium.java_client.DefaultGenericMobileElement.execute(DefaultGenericMobileElement.java:45)
	at io.appium.java_client.MobileElement.execute(MobileElement.java:1)
	at io.appium.java_client.android.AndroidElement.execute(AndroidElement.java:1)
	at org.openqa.selenium.remote.RemoteWebElement.sendKeys(RemoteWebElement.java:106)
	at com.qa.BasePage.sendText(BasePage.java:59)
	at com.qa.pages.PageLogin.SearchHotel(PageLogin.java:32)
	at com.qa.tests.Search.inApp(Search.java:25)
	at java.base/jdk.internal.reflect.NativeMethodAccessorImpl.invoke0(Native Method)
	at java.base/jdk.internal.reflect.NativeMethodAccessorImpl.invoke(NativeMethodAccessorImpl.java:77)
	at java.base/jdk.internal.reflect.DelegatingMethodAccessorImpl.invoke(DelegatingMethodAccessorImpl.java:43)
	at java.base/java.lang.reflect.Method.invoke(Method.java:568)
	at org.testng.internal.MethodInvocationHelper.invokeMethod(MethodInvocationHelper.java:133)
	at org.testng.internal.TestInvoker.invokeMethod(TestInvoker.java:598)
	at org.testng.internal.TestInvoker.invokeTestMethod(TestInvoker.java:173)
	at org.testng.internal.MethodRunner.runInSequence(MethodRunner.java:46)
	at org.testng.internal.TestInvoker$MethodInvocationAgent.invoke(TestInvoker.java:824)
	at org.testng.internal.TestInvoker.invokeTestMethods(TestInvoker.java:146)
	at org.testng.internal.TestMethodWorker.invokeTestMethods(TestMethodWorker.java:146)
	at org.testng.internal.TestMethodWorker.run(TestMethodWorker.java:128)
	at java.base/java.util.ArrayList.forEach(ArrayList.java:1511)
	at org.testng.TestRunner.privateRun(TestRunner.java:794)
	at org.testng.TestRunner.run(TestRunner.java:596)
	at org.testng.SuiteRunner.runTest(SuiteRunner.java:377)
	at org.testng.SuiteRunner.access$000(SuiteRunner.java:28)
	at org.testng.SuiteRunner$SuiteWorker.run(SuiteRunner.java:418)
	at org.testng.internal.thread.ThreadUtil.lambda$execute$0(ThreadUtil.java:64)
	at java.base/java.util.concurrent.FutureTask.run(FutureTask.java:264)
	at java.base/java.util.concurrent.ThreadPoolExecutor.runWorker(ThreadPoolExecutor.java:1136)
	at java.base/java.util.concurrent.ThreadPoolExecutor$Worker.run(ThreadPoolExecutor.java:635)
	at java.base/java.lang.Thread.run(Thread.java:833)

[logs/Android_Samsung S10 INFO ] 2021-12-17 15:42:08.866 BaseTest:121 - video path: videos/Android_Samsung S10/2021-12-17-15-41-49/Search/inApp.mp4
[logs/Android_Samsung S10 INFO ] 2021-12-17 15:43:01.243 BaseTest:210 - log path: logs/Android_Samsung S10
[logs/Android_Samsung S10 INFO ] 2021-12-17 15:43:01.248 BaseTest:217 - load config.properties
[logs/Android_Samsung S10 INFO ] 2021-12-17 15:43:01.251 BaseTest:222 - load strings/strings.xml
[logs/Android_Samsung S10 INFO ] 2021-12-17 15:43:01.260 BaseTest:246 - appUrl is/Users/maher/Desktop/AppiumTest/src/test/resources/app/AccorAll_9_53_21111902.apk
[logs/Android_Samsung S10 INFO ] 2021-12-17 15:43:08.342 BaseTest:268 - driver initialized: io.appium.java_client.android.AndroidDriver, Capabilities: {app=/Users/maher/Desktop/AppiumTest/src/test/resources/app/AccorAll_9_53_21111902.apk, appActivity=com.accor.app.debug.DebugActivity, appPackage=com.accor.appli.hybrid.inhouse, automationName=UiAutomator2, chromeDriverPort=11000, databaseEnabled=false, desired={platformName=android, chromeDriverPort=11000, app=/Users/maher/Desktop/AppiumTest/src/test/resources/app/AccorAll_9_53_21111902.apk, appActivity=com.accor.app.debug.DebugActivity, appPackage=com.accor.appli.hybrid.inhouse, automationName=UiAutomator2, deviceName=Samsung S10, systemPort=10001, udid=R58M21E51VW}, deviceApiLevel=28, deviceManufacturer=samsung, deviceModel=SM-G975F, deviceName=R58M21E51VW, deviceScreenDensity=420, deviceScreenSize=1080x2280, deviceUDID=R58M21E51VW, javascriptEnabled=true, locationContextEnabled=false, networkConnectionEnabled=true, pixelRatio=2.625, platform=LINUX, platformName=Android, platformVersion=9, statBarHeight=110, systemPort=10001, takesScreenshot=true, udid=R58M21E51VW, viewportRect={left=0, top=110, width=1080, height=1937}, warnings={}, webStorageEnabled=false}
[logs/Android_Samsung S10 ERROR] 2021-12-17 15:43:24.849 TestListener:32 - org.openqa.selenium.WebDriverException: An unknown server-side error occurred while processing the command. Original error: 'POST /element' cannot be proxied to UiAutomator2 server because the instrumentation process is not running (probably crashed). Check the server log and/or the logcat output for more details
Build info: version: '3.141.59', revision: 'e82be7d358', time: '2018-11-14T08:17:03'
System info: host: 'MBP-de-maher', ip: '2001:861:4680:c360:9960:a8bb:7e6e:e850%en0', os.name: 'Mac OS X', os.arch: 'x86_64', os.version: '12.0.1', java.version: '17.0.1'
Driver info: io.appium.java_client.android.AndroidDriver
Capabilities {app: /Users/maher/Desktop/Appium..., appActivity: com.accor.app.debug.DebugAc..., appPackage: com.accor.appli.hybrid.inhouse, automationName: UiAutomator2, chromeDriverPort: 11000, databaseEnabled: false, desired: {app: /Users/maher/Desktop/Appium..., appActivity: com.accor.app.debug.DebugAc..., appPackage: com.accor.appli.hybrid.inhouse, automationName: UiAutomator2, chromeDriverPort: 11000, deviceName: Samsung S10, platformName: android, systemPort: 10001, udid: R58M21E51VW}, deviceApiLevel: 28, deviceManufacturer: samsung, deviceModel: SM-G975F, deviceName: R58M21E51VW, deviceScreenDensity: 420, deviceScreenSize: 1080x2280, deviceUDID: R58M21E51VW, javascriptEnabled: true, locationContextEnabled: false, networkConnectionEnabled: true, pixelRatio: 2.625, platform: LINUX, platformName: Android, platformVersion: 9, statBarHeight: 110, systemPort: 10001, takesScreenshot: true, udid: R58M21E51VW, viewportRect: {height: 1937, left: 0, top: 110, width: 1080}, warnings: {}, webStorageEnabled: false}
Session ID: 267c0fcf-c9f5-4c02-a535-490f058889d3
*** Element info: {Using=id, value=com.accor.appli.hybrid.inhouse:id/destinationTextField}
	at java.base/jdk.internal.reflect.NativeConstructorAccessorImpl.newInstance0(Native Method)
	at java.base/jdk.internal.reflect.NativeConstructorAccessorImpl.newInstance(NativeConstructorAccessorImpl.java:77)
	at java.base/jdk.internal.reflect.DelegatingConstructorAccessorImpl.newInstance(DelegatingConstructorAccessorImpl.java:45)
	at java.base/java.lang.reflect.Constructor.newInstanceWithCaller(Constructor.java:499)
	at java.base/java.lang.reflect.Constructor.newInstance(Constructor.java:480)
	at org.openqa.selenium.remote.http.W3CHttpResponseCodec.createException(W3CHttpResponseCodec.java:187)
	at org.openqa.selenium.remote.http.W3CHttpResponseCodec.decode(W3CHttpResponseCodec.java:122)
	at org.openqa.selenium.remote.http.W3CHttpResponseCodec.decode(W3CHttpResponseCodec.java:49)
	at org.openqa.selenium.remote.HttpCommandExecutor.execute(HttpCommandExecutor.java:158)
	at io.appium.java_client.remote.AppiumCommandExecutor.execute(AppiumCommandExecutor.java:250)
	at org.openqa.selenium.remote.RemoteWebDriver.execute(RemoteWebDriver.java:552)
	at io.appium.java_client.DefaultGenericMobileDriver.execute(DefaultGenericMobileDriver.java:41)
	at io.appium.java_client.AppiumDriver.execute(AppiumDriver.java:1)
	at io.appium.java_client.android.AndroidDriver.execute(AndroidDriver.java:1)
	at org.openqa.selenium.remote.RemoteWebDriver.findElement(RemoteWebDriver.java:323)
	at io.appium.java_client.DefaultGenericMobileDriver.findElement(DefaultGenericMobileDriver.java:61)
	at io.appium.java_client.AppiumDriver.findElement(AppiumDriver.java:1)
	at io.appium.java_client.android.AndroidDriver.findElement(AndroidDriver.java:1)
	at org.openqa.selenium.remote.RemoteWebDriver.findElementById(RemoteWebDriver.java:372)
	at io.appium.java_client.DefaultGenericMobileDriver.findElementById(DefaultGenericMobileDriver.java:69)
	at io.appium.java_client.AppiumDriver.findElementById(AppiumDriver.java:1)
	at io.appium.java_client.android.AndroidDriver.findElementById(AndroidDriver.java:1)
	at org.openqa.selenium.By$ById.findElement(By.java:188)
	at org.openqa.selenium.remote.RemoteWebDriver.findElement(RemoteWebDriver.java:315)
	at io.appium.java_client.DefaultGenericMobileDriver.findElement(DefaultGenericMobileDriver.java:57)
	at io.appium.java_client.AppiumDriver.findElement(AppiumDriver.java:1)
	at io.appium.java_client.android.AndroidDriver.findElement(AndroidDriver.java:1)
	at org.openqa.selenium.support.ui.ExpectedConditions$7.apply(ExpectedConditions.java:205)
	at org.openqa.selenium.support.ui.ExpectedConditions$7.apply(ExpectedConditions.java:201)
	at org.openqa.selenium.support.ui.FluentWait.until(FluentWait.java:249)
	at com.qa.BasePage.waitAndFindElement(BasePage.java:51)
	at com.qa.BasePage.sendText(BasePage.java:59)
	at com.qa.pages.PageLogin.SearchHotel(PageLogin.java:32)
	at com.qa.tests.Search.inApp(Search.java:25)
	at java.base/jdk.internal.reflect.NativeMethodAccessorImpl.invoke0(Native Method)
	at java.base/jdk.internal.reflect.NativeMethodAccessorImpl.invoke(NativeMethodAccessorImpl.java:77)
	at java.base/jdk.internal.reflect.DelegatingMethodAccessorImpl.invoke(DelegatingMethodAccessorImpl.java:43)
	at java.base/java.lang.reflect.Method.invoke(Method.java:568)
	at org.testng.internal.MethodInvocationHelper.invokeMethod(MethodInvocationHelper.java:133)
	at org.testng.internal.TestInvoker.invokeMethod(TestInvoker.java:598)
	at org.testng.internal.TestInvoker.invokeTestMethod(TestInvoker.java:173)
	at org.testng.internal.MethodRunner.runInSequence(MethodRunner.java:46)
	at org.testng.internal.TestInvoker$MethodInvocationAgent.invoke(TestInvoker.java:824)
	at org.testng.internal.TestInvoker.invokeTestMethods(TestInvoker.java:146)
	at org.testng.internal.TestMethodWorker.invokeTestMethods(TestMethodWorker.java:146)
	at org.testng.internal.TestMethodWorker.run(TestMethodWorker.java:128)
	at java.base/java.util.ArrayList.forEach(ArrayList.java:1511)
	at org.testng.TestRunner.privateRun(TestRunner.java:794)
	at org.testng.TestRunner.run(TestRunner.java:596)
	at org.testng.SuiteRunner.runTest(SuiteRunner.java:377)
	at org.testng.SuiteRunner.access$000(SuiteRunner.java:28)
	at org.testng.SuiteRunner$SuiteWorker.run(SuiteRunner.java:418)
	at org.testng.internal.thread.ThreadUtil.lambda$execute$0(ThreadUtil.java:64)
	at java.base/java.util.concurrent.FutureTask.run(FutureTask.java:264)
	at java.base/java.util.concurrent.ThreadPoolExecutor.runWorker(ThreadPoolExecutor.java:1136)
	at java.base/java.util.concurrent.ThreadPoolExecutor$Worker.run(ThreadPoolExecutor.java:635)
	at java.base/java.lang.Thread.run(Thread.java:833)

[logs/Android_Samsung S10 ERROR] 2021-12-17 15:43:24.872 TestListener:32 - org.openqa.selenium.WebDriverException: An unknown server-side error occurred while processing the command. Original error: 'GET /screenshot' cannot be proxied to UiAutomator2 server because the instrumentation process is not running (probably crashed). Check the server log and/or the logcat output for more details
Build info: version: '3.141.59', revision: 'e82be7d358', time: '2018-11-14T08:17:03'
System info: host: 'MBP-de-maher', ip: '2001:861:4680:c360:9960:a8bb:7e6e:e850%en0', os.name: 'Mac OS X', os.arch: 'x86_64', os.version: '12.0.1', java.version: '17.0.1'
Driver info: io.appium.java_client.android.AndroidDriver
Capabilities {app: /Users/maher/Desktop/Appium..., appActivity: com.accor.app.debug.DebugAc..., appPackage: com.accor.appli.hybrid.inhouse, automationName: UiAutomator2, chromeDriverPort: 11000, databaseEnabled: false, desired: {app: /Users/maher/Desktop/Appium..., appActivity: com.accor.app.debug.DebugAc..., appPackage: com.accor.appli.hybrid.inhouse, automationName: UiAutomator2, chromeDriverPort: 11000, deviceName: Samsung S10, platformName: android, systemPort: 10001, udid: R58M21E51VW}, deviceApiLevel: 28, deviceManufacturer: samsung, deviceModel: SM-G975F, deviceName: R58M21E51VW, deviceScreenDensity: 420, deviceScreenSize: 1080x2280, deviceUDID: R58M21E51VW, javascriptEnabled: true, locationContextEnabled: false, networkConnectionEnabled: true, pixelRatio: 2.625, platform: LINUX, platformName: Android, platformVersion: 9, statBarHeight: 110, systemPort: 10001, takesScreenshot: true, udid: R58M21E51VW, viewportRect: {height: 1937, left: 0, top: 110, width: 1080}, warnings: {}, webStorageEnabled: false}
Session ID: 267c0fcf-c9f5-4c02-a535-490f058889d3
	at java.base/jdk.internal.reflect.NativeConstructorAccessorImpl.newInstance0(Native Method)
	at java.base/jdk.internal.reflect.NativeConstructorAccessorImpl.newInstance(NativeConstructorAccessorImpl.java:77)
	at java.base/jdk.internal.reflect.DelegatingConstructorAccessorImpl.newInstance(DelegatingConstructorAccessorImpl.java:45)
	at java.base/java.lang.reflect.Constructor.newInstanceWithCaller(Constructor.java:499)
	at java.base/java.lang.reflect.Constructor.newInstance(Constructor.java:480)
	at org.openqa.selenium.remote.http.W3CHttpResponseCodec.createException(W3CHttpResponseCodec.java:187)
	at org.openqa.selenium.remote.http.W3CHttpResponseCodec.decode(W3CHttpResponseCodec.java:122)
	at org.openqa.selenium.remote.http.W3CHttpResponseCodec.decode(W3CHttpResponseCodec.java:49)
	at org.openqa.selenium.remote.HttpCommandExecutor.execute(HttpCommandExecutor.java:158)
	at io.appium.java_client.remote.AppiumCommandExecutor.execute(AppiumCommandExecutor.java:250)
	at org.openqa.selenium.remote.RemoteWebDriver.execute(RemoteWebDriver.java:552)
	at io.appium.java_client.DefaultGenericMobileDriver.execute(DefaultGenericMobileDriver.java:45)
	at io.appium.java_client.AppiumDriver.execute(AppiumDriver.java:1)
	at io.appium.java_client.android.AndroidDriver.execute(AndroidDriver.java:1)
	at org.openqa.selenium.remote.RemoteWebDriver.getScreenshotAs(RemoteWebDriver.java:295)
	at com.qa.listeners.TestListener.onTestFailure(TestListener.java:36)
	at org.testng.internal.TestListenerHelper.runTestListeners(TestListenerHelper.java:96)
	at org.testng.internal.TestInvoker.runTestResultListener(TestInvoker.java:219)
	at org.testng.internal.TestInvoker.invokeMethod(TestInvoker.java:656)
	at org.testng.internal.TestInvoker.invokeTestMethod(TestInvoker.java:173)
	at org.testng.internal.MethodRunner.runInSequence(MethodRunner.java:46)
	at org.testng.internal.TestInvoker$MethodInvocationAgent.invoke(TestInvoker.java:824)
	at org.testng.internal.TestInvoker.invokeTestMethods(TestInvoker.java:146)
	at org.testng.internal.TestMethodWorker.invokeTestMethods(TestMethodWorker.java:146)
	at org.testng.internal.TestMethodWorker.run(TestMethodWorker.java:128)
	at java.base/java.util.ArrayList.forEach(ArrayList.java:1511)
	at org.testng.TestRunner.privateRun(TestRunner.java:794)
	at org.testng.TestRunner.run(TestRunner.java:596)
	at org.testng.SuiteRunner.runTest(SuiteRunner.java:377)
	at org.testng.SuiteRunner.access$000(SuiteRunner.java:28)
	at org.testng.SuiteRunner$SuiteWorker.run(SuiteRunner.java:418)
	at org.testng.internal.thread.ThreadUtil.lambda$execute$0(ThreadUtil.java:64)
	at java.base/java.util.concurrent.FutureTask.run(FutureTask.java:264)
	at java.base/java.util.concurrent.ThreadPoolExecutor.runWorker(ThreadPoolExecutor.java:1136)
	at java.base/java.util.concurrent.ThreadPoolExecutor$Worker.run(ThreadPoolExecutor.java:635)
	at java.base/java.lang.Thread.run(Thread.java:833)

[logs/Android_Samsung S10 INFO ] 2021-12-17 15:48:41.246 BaseTest:210 - log path: logs/Android_Samsung S10
[logs/Android_Samsung S10 INFO ] 2021-12-17 15:48:41.253 BaseTest:217 - load config.properties
[logs/Android_Samsung S10 INFO ] 2021-12-17 15:48:41.256 BaseTest:222 - load strings/strings.xml
[logs/Android_Samsung S10 INFO ] 2021-12-17 15:48:41.266 BaseTest:246 - appUrl is/Users/maher/Desktop/AppiumTest/src/test/resources/app/AccorAll_9_53_21111902.apk
[logs/Android_Samsung S10 INFO ] 2021-12-17 15:48:50.139 BaseTest:268 - driver initialized: io.appium.java_client.android.AndroidDriver, Capabilities: {app=/Users/maher/Desktop/AppiumTest/src/test/resources/app/AccorAll_9_53_21111902.apk, appActivity=com.accor.app.debug.DebugActivity, appPackage=com.accor.appli.hybrid.inhouse, automationName=UiAutomator2, chromeDriverPort=11000, databaseEnabled=false, desired={platformName=android, chromeDriverPort=11000, app=/Users/maher/Desktop/AppiumTest/src/test/resources/app/AccorAll_9_53_21111902.apk, appActivity=com.accor.app.debug.DebugActivity, appPackage=com.accor.appli.hybrid.inhouse, automationName=UiAutomator2, deviceName=Samsung S10, systemPort=10001, udid=R58M21E51VW}, deviceApiLevel=28, deviceManufacturer=samsung, deviceModel=SM-G975F, deviceName=R58M21E51VW, deviceScreenDensity=420, deviceScreenSize=1080x2280, deviceUDID=R58M21E51VW, javascriptEnabled=true, locationContextEnabled=false, networkConnectionEnabled=true, pixelRatio=2.625, platform=LINUX, platformName=Android, platformVersion=9, statBarHeight=110, systemPort=10001, takesScreenshot=true, udid=R58M21E51VW, viewportRect={left=0, top=110, width=1080, height=1937}, warnings={}, webStorageEnabled=false}
[logs/Android_Samsung S10 INFO ] 2021-12-17 15:49:04.055 BaseTest:121 - video path: videos/Android_Samsung S10/2021-12-17-15-48-41/Search/inApp.mp4
[logs/Android_Samsung S10 INFO ] 2021-12-17 15:54:03.886 BaseTest:210 - log path: logs/Android_Samsung S10
[logs/Android_Samsung S10 INFO ] 2021-12-17 15:54:03.897 BaseTest:217 - load config.properties
[logs/Android_Samsung S10 INFO ] 2021-12-17 15:54:03.901 BaseTest:222 - load strings/strings.xml
[logs/Android_Samsung S10 INFO ] 2021-12-17 15:54:03.909 BaseTest:246 - appUrl is/Users/maher/Desktop/AppiumTest/src/test/resources/app/AccorAll_9_53_21111902.apk
[logs/Android_Samsung S10 INFO ] 2021-12-17 15:54:11.396 BaseTest:268 - driver initialized: io.appium.java_client.android.AndroidDriver, Capabilities: {app=/Users/maher/Desktop/AppiumTest/src/test/resources/app/AccorAll_9_53_21111902.apk, appActivity=com.accor.app.debug.DebugActivity, appPackage=com.accor.appli.hybrid.inhouse, automationName=UiAutomator2, chromeDriverPort=11000, databaseEnabled=false, desired={platformName=android, chromeDriverPort=11000, app=/Users/maher/Desktop/AppiumTest/src/test/resources/app/AccorAll_9_53_21111902.apk, appActivity=com.accor.app.debug.DebugActivity, appPackage=com.accor.appli.hybrid.inhouse, automationName=UiAutomator2, deviceName=Samsung S10, systemPort=10001, udid=R58M21E51VW}, deviceApiLevel=28, deviceManufacturer=samsung, deviceModel=SM-G975F, deviceName=R58M21E51VW, deviceScreenDensity=420, deviceScreenSize=1080x2280, deviceUDID=R58M21E51VW, javascriptEnabled=true, locationContextEnabled=false, networkConnectionEnabled=true, pixelRatio=2.625, platform=LINUX, platformName=Android, platformVersion=9, statBarHeight=110, systemPort=10001, takesScreenshot=true, udid=R58M21E51VW, viewportRect={left=0, top=110, width=1080, height=1937}, warnings={}, webStorageEnabled=false}
[logs/Android_Samsung S10 INFO ] 2021-12-17 15:54:18.158 BaseTest:121 - video path: videos/Android_Samsung S10/2021-12-17-15-54-03/Connexion/inApp.mp4
[logs/Android_Samsung S10 INFO ] 2021-12-17 15:56:20.314 BaseTest:210 - log path: logs/Android_Samsung S10
[logs/Android_Samsung S10 INFO ] 2021-12-17 15:56:20.325 BaseTest:217 - load config.properties
[logs/Android_Samsung S10 INFO ] 2021-12-17 15:56:20.327 BaseTest:222 - load strings/strings.xml
[logs/Android_Samsung S10 INFO ] 2021-12-17 15:56:20.339 BaseTest:246 - appUrl is/Users/maher/Desktop/AppiumTest/src/test/resources/app/AccorAll_9_53_21111902.apk
[logs/Android_Samsung S10 INFO ] 2021-12-17 15:56:27.797 BaseTest:268 - driver initialized: io.appium.java_client.android.AndroidDriver, Capabilities: {app=/Users/maher/Desktop/AppiumTest/src/test/resources/app/AccorAll_9_53_21111902.apk, appActivity=com.accor.app.debug.DebugActivity, appPackage=com.accor.appli.hybrid.inhouse, automationName=UiAutomator2, chromeDriverPort=11000, databaseEnabled=false, desired={platformName=android, chromeDriverPort=11000, app=/Users/maher/Desktop/AppiumTest/src/test/resources/app/AccorAll_9_53_21111902.apk, appActivity=com.accor.app.debug.DebugActivity, appPackage=com.accor.appli.hybrid.inhouse, automationName=UiAutomator2, deviceName=Samsung S10, systemPort=10001, udid=R58M21E51VW}, deviceApiLevel=28, deviceManufacturer=samsung, deviceModel=SM-G975F, deviceName=R58M21E51VW, deviceScreenDensity=420, deviceScreenSize=1080x2280, deviceUDID=R58M21E51VW, javascriptEnabled=true, locationContextEnabled=false, networkConnectionEnabled=true, pixelRatio=2.625, platform=LINUX, platformName=Android, platformVersion=9, statBarHeight=110, systemPort=10001, takesScreenshot=true, udid=R58M21E51VW, viewportRect={left=0, top=110, width=1080, height=1937}, warnings={}, webStorageEnabled=false}
[logs/Android_Samsung S10 INFO ] 2021-12-17 15:56:40.129 BaseTest:121 - video path: videos/Android_Samsung S10/2021-12-17-15-56-20/Search/inApp.mp4
[logs/Android_Samsung S10 INFO ] 2021-12-17 15:59:45.138 BaseTest:210 - log path: logs/Android_Samsung S10
[logs/Android_Samsung S10 INFO ] 2021-12-17 15:59:45.147 BaseTest:217 - load config.properties
[logs/Android_Samsung S10 INFO ] 2021-12-17 15:59:45.149 BaseTest:222 - load strings/strings.xml
[logs/Android_Samsung S10 INFO ] 2021-12-17 15:59:45.161 BaseTest:246 - appUrl is/Users/maher/Desktop/AppiumTest/src/test/resources/app/AccorAll_9_53_21111902.apk
[logs/Android_Samsung S10 INFO ] 2021-12-17 15:59:52.842 BaseTest:268 - driver initialized: io.appium.java_client.android.AndroidDriver, Capabilities: {app=/Users/maher/Desktop/AppiumTest/src/test/resources/app/AccorAll_9_53_21111902.apk, appActivity=com.accor.app.debug.DebugActivity, appPackage=com.accor.appli.hybrid.inhouse, automationName=UiAutomator2, chromeDriverPort=11000, databaseEnabled=false, desired={platformName=android, chromeDriverPort=11000, app=/Users/maher/Desktop/AppiumTest/src/test/resources/app/AccorAll_9_53_21111902.apk, appActivity=com.accor.app.debug.DebugActivity, appPackage=com.accor.appli.hybrid.inhouse, automationName=UiAutomator2, deviceName=Samsung S10, systemPort=10001, udid=R58M21E51VW}, deviceApiLevel=28, deviceManufacturer=samsung, deviceModel=SM-G975F, deviceName=R58M21E51VW, deviceScreenDensity=420, deviceScreenSize=1080x2280, deviceUDID=R58M21E51VW, javascriptEnabled=true, locationContextEnabled=false, networkConnectionEnabled=true, pixelRatio=2.625, platform=LINUX, platformName=Android, platformVersion=9, statBarHeight=110, systemPort=10001, takesScreenshot=true, udid=R58M21E51VW, viewportRect={left=0, top=110, width=1080, height=1937}, warnings={}, webStorageEnabled=false}
[logs/Android_Samsung S10 INFO ] 2021-12-17 16:00:09.687 BaseTest:121 - video path: videos/Android_Samsung S10/2021-12-17-15-59-45/Search/inApp.mp4
[logs/Android_Samsung S10 INFO ] 2021-12-17 16:03:26.806 BaseTest:210 - log path: logs/Android_Samsung S10
[logs/Android_Samsung S10 INFO ] 2021-12-17 16:03:26.818 BaseTest:217 - load config.properties
[logs/Android_Samsung S10 INFO ] 2021-12-17 16:03:26.827 BaseTest:222 - load strings/strings.xml
[logs/Android_Samsung S10 INFO ] 2021-12-17 16:03:26.838 BaseTest:246 - appUrl is/Users/maher/Desktop/AppiumTest/src/test/resources/app/AccorAll_9_53_21111902.apk
[logs/Android_Samsung S10 INFO ] 2021-12-17 16:03:35.358 BaseTest:268 - driver initialized: io.appium.java_client.android.AndroidDriver, Capabilities: {app=/Users/maher/Desktop/AppiumTest/src/test/resources/app/AccorAll_9_53_21111902.apk, appActivity=com.accor.app.debug.DebugActivity, appPackage=com.accor.appli.hybrid.inhouse, automationName=UiAutomator2, chromeDriverPort=11000, databaseEnabled=false, desired={platformName=android, chromeDriverPort=11000, app=/Users/maher/Desktop/AppiumTest/src/test/resources/app/AccorAll_9_53_21111902.apk, appActivity=com.accor.app.debug.DebugActivity, appPackage=com.accor.appli.hybrid.inhouse, automationName=UiAutomator2, deviceName=Samsung S10, systemPort=10001, udid=R58M21E51VW}, deviceApiLevel=28, deviceManufacturer=samsung, deviceModel=SM-G975F, deviceName=R58M21E51VW, deviceScreenDensity=420, deviceScreenSize=1080x2280, deviceUDID=R58M21E51VW, javascriptEnabled=true, locationContextEnabled=false, networkConnectionEnabled=true, pixelRatio=2.625, platform=LINUX, platformName=Android, platformVersion=9, statBarHeight=110, systemPort=10001, takesScreenshot=true, udid=R58M21E51VW, viewportRect={left=0, top=110, width=1080, height=1937}, warnings={}, webStorageEnabled=false}
[logs/Android_Samsung S10 INFO ] 2021-12-17 16:03:48.073 BaseTest:121 - video path: videos/Android_Samsung S10/2021-12-17-16-03-26/Search/inApp.mp4
[logs/Android_Samsung S10 INFO ] 2021-12-17 16:08:15.821 BaseTest:210 - log path: logs/Android_Samsung S10
[logs/Android_Samsung S10 INFO ] 2021-12-17 16:08:15.827 BaseTest:217 - load config.properties
[logs/Android_Samsung S10 INFO ] 2021-12-17 16:08:15.833 BaseTest:222 - load strings/strings.xml
[logs/Android_Samsung S10 INFO ] 2021-12-17 16:08:15.845 BaseTest:246 - appUrl is/Users/maher/Desktop/AppiumTest/src/test/resources/app/AccorAll_9_53_21111902.apk
[logs/Android_Samsung S10 INFO ] 2021-12-17 16:08:23.496 BaseTest:268 - driver initialized: io.appium.java_client.android.AndroidDriver, Capabilities: {app=/Users/maher/Desktop/AppiumTest/src/test/resources/app/AccorAll_9_53_21111902.apk, appActivity=com.accor.app.debug.DebugActivity, appPackage=com.accor.appli.hybrid.inhouse, automationName=UiAutomator2, chromeDriverPort=11000, databaseEnabled=false, desired={platformName=android, chromeDriverPort=11000, app=/Users/maher/Desktop/AppiumTest/src/test/resources/app/AccorAll_9_53_21111902.apk, appActivity=com.accor.app.debug.DebugActivity, appPackage=com.accor.appli.hybrid.inhouse, automationName=UiAutomator2, deviceName=Samsung S10, systemPort=10001, udid=R58M21E51VW}, deviceApiLevel=28, deviceManufacturer=samsung, deviceModel=SM-G975F, deviceName=R58M21E51VW, deviceScreenDensity=420, deviceScreenSize=1080x2280, deviceUDID=R58M21E51VW, javascriptEnabled=true, locationContextEnabled=false, networkConnectionEnabled=true, pixelRatio=2.625, platform=LINUX, platformName=Android, platformVersion=9, statBarHeight=110, systemPort=10001, takesScreenshot=true, udid=R58M21E51VW, viewportRect={left=0, top=110, width=1080, height=1937}, warnings={}, webStorageEnabled=false}
[logs/Android_Samsung S10 INFO ] 2021-12-17 16:08:38.114 BaseTest:121 - video path: videos/Android_Samsung S10/2021-12-17-16-08-15/Search/inApp.mp4
[logs/Android_Samsung S10 INFO ] 2021-12-17 16:09:23.502 BaseTest:210 - log path: logs/Android_Samsung S10
[logs/Android_Samsung S10 INFO ] 2021-12-17 16:09:23.512 BaseTest:217 - load config.properties
[logs/Android_Samsung S10 INFO ] 2021-12-17 16:09:23.513 BaseTest:222 - load strings/strings.xml
[logs/Android_Samsung S10 INFO ] 2021-12-17 16:09:23.526 BaseTest:246 - appUrl is/Users/maher/Desktop/AppiumTest/src/test/resources/app/AccorAll_9_53_21111902.apk
[logs/Android_Samsung S10 INFO ] 2021-12-17 16:09:31.173 BaseTest:268 - driver initialized: io.appium.java_client.android.AndroidDriver, Capabilities: {app=/Users/maher/Desktop/AppiumTest/src/test/resources/app/AccorAll_9_53_21111902.apk, appActivity=com.accor.app.debug.DebugActivity, appPackage=com.accor.appli.hybrid.inhouse, automationName=UiAutomator2, chromeDriverPort=11000, databaseEnabled=false, desired={platformName=android, chromeDriverPort=11000, app=/Users/maher/Desktop/AppiumTest/src/test/resources/app/AccorAll_9_53_21111902.apk, appActivity=com.accor.app.debug.DebugActivity, appPackage=com.accor.appli.hybrid.inhouse, automationName=UiAutomator2, deviceName=Samsung S10, systemPort=10001, udid=R58M21E51VW}, deviceApiLevel=28, deviceManufacturer=samsung, deviceModel=SM-G975F, deviceName=R58M21E51VW, deviceScreenDensity=420, deviceScreenSize=1080x2280, deviceUDID=R58M21E51VW, javascriptEnabled=true, locationContextEnabled=false, networkConnectionEnabled=true, pixelRatio=2.625, platform=LINUX, platformName=Android, platformVersion=9, statBarHeight=110, systemPort=10001, takesScreenshot=true, udid=R58M21E51VW, viewportRect={left=0, top=110, width=1080, height=1937}, warnings={}, webStorageEnabled=false}
[logs/Android_Samsung S10 INFO ] 2021-12-17 16:09:44.064 BaseTest:121 - video path: videos/Android_Samsung S10/2021-12-17-16-09-23/Search/inApp.mp4
[logs/Android_Samsung S10 INFO ] 2021-12-17 16:11:18.612 BaseTest:210 - log path: logs/Android_Samsung S10
[logs/Android_Samsung S10 INFO ] 2021-12-17 16:11:18.619 BaseTest:217 - load config.properties
[logs/Android_Samsung S10 INFO ] 2021-12-17 16:11:18.624 BaseTest:222 - load strings/strings.xml
[logs/Android_Samsung S10 INFO ] 2021-12-17 16:11:18.636 BaseTest:246 - appUrl is/Users/maher/Desktop/AppiumTest/src/test/resources/app/AccorAll_9_53_21111902.apk
[logs/Android_Samsung S10 INFO ] 2021-12-17 16:11:25.967 BaseTest:268 - driver initialized: io.appium.java_client.android.AndroidDriver, Capabilities: {app=/Users/maher/Desktop/AppiumTest/src/test/resources/app/AccorAll_9_53_21111902.apk, appActivity=com.accor.app.debug.DebugActivity, appPackage=com.accor.appli.hybrid.inhouse, automationName=UiAutomator2, chromeDriverPort=11000, databaseEnabled=false, desired={platformName=android, chromeDriverPort=11000, app=/Users/maher/Desktop/AppiumTest/src/test/resources/app/AccorAll_9_53_21111902.apk, appActivity=com.accor.app.debug.DebugActivity, appPackage=com.accor.appli.hybrid.inhouse, automationName=UiAutomator2, deviceName=Samsung S10, systemPort=10001, udid=R58M21E51VW}, deviceApiLevel=28, deviceManufacturer=samsung, deviceModel=SM-G975F, deviceName=R58M21E51VW, deviceScreenDensity=420, deviceScreenSize=1080x2280, deviceUDID=R58M21E51VW, javascriptEnabled=true, locationContextEnabled=false, networkConnectionEnabled=true, pixelRatio=2.625, platform=LINUX, platformName=Android, platformVersion=9, statBarHeight=110, systemPort=10001, takesScreenshot=true, udid=R58M21E51VW, viewportRect={left=0, top=110, width=1080, height=1937}, warnings={}, webStorageEnabled=false}
[logs/Android_Samsung S10 INFO ] 2021-12-17 16:11:38.830 BaseTest:121 - video path: videos/Android_Samsung S10/2021-12-17-16-11-18/Search/inApp.mp4
[logs/Android_Samsung S10 INFO ] 2021-12-17 16:23:36.454 BaseTest:210 - log path: logs/Android_Samsung S10
[logs/Android_Samsung S10 INFO ] 2021-12-17 16:23:36.462 BaseTest:217 - load config.properties
[logs/Android_Samsung S10 INFO ] 2021-12-17 16:23:36.465 BaseTest:222 - load strings/strings.xml
[logs/Android_Samsung S10 INFO ] 2021-12-17 16:23:36.474 BaseTest:246 - appUrl is/Users/maher/Desktop/AppiumTest/src/test/resources/app/AccorAll_9_53_21111902.apk
[logs/Android_Samsung S10 INFO ] 2021-12-17 16:23:43.719 BaseTest:268 - driver initialized: io.appium.java_client.android.AndroidDriver, Capabilities: {app=/Users/maher/Desktop/AppiumTest/src/test/resources/app/AccorAll_9_53_21111902.apk, appActivity=com.accor.app.debug.DebugActivity, appPackage=com.accor.appli.hybrid.inhouse, automationName=UiAutomator2, chromeDriverPort=11000, databaseEnabled=false, desired={platformName=android, chromeDriverPort=11000, app=/Users/maher/Desktop/AppiumTest/src/test/resources/app/AccorAll_9_53_21111902.apk, appActivity=com.accor.app.debug.DebugActivity, appPackage=com.accor.appli.hybrid.inhouse, automationName=UiAutomator2, deviceName=Samsung S10, systemPort=10001, udid=R58M21E51VW}, deviceApiLevel=28, deviceManufacturer=samsung, deviceModel=SM-G975F, deviceName=R58M21E51VW, deviceScreenDensity=420, deviceScreenSize=1080x2280, deviceUDID=R58M21E51VW, javascriptEnabled=true, locationContextEnabled=false, networkConnectionEnabled=true, pixelRatio=2.625, platform=LINUX, platformName=Android, platformVersion=9, statBarHeight=110, systemPort=10001, takesScreenshot=true, udid=R58M21E51VW, viewportRect={left=0, top=110, width=1080, height=1937}, warnings={}, webStorageEnabled=false}
[logs/Android_Samsung S10 INFO ] 2021-12-17 16:23:56.850 BaseTest:121 - video path: videos/Android_Samsung S10/2021-12-17-16-23-36/Search/inApp.mp4
[logs/Android_Samsung S10 INFO ] 2021-12-17 16:31:34.449 BaseTest:210 - log path: logs/Android_Samsung S10
[logs/Android_Samsung S10 INFO ] 2021-12-17 16:31:34.455 BaseTest:217 - load config.properties
[logs/Android_Samsung S10 INFO ] 2021-12-17 16:31:34.458 BaseTest:222 - load strings/strings.xml
[logs/Android_Samsung S10 INFO ] 2021-12-17 16:31:34.466 BaseTest:246 - appUrl is/Users/maher/Desktop/AppiumTest/src/test/resources/app/AccorAll_9_53_21111902.apk
[logs/Android_Samsung S10 INFO ] 2021-12-17 16:31:41.500 BaseTest:268 - driver initialized: io.appium.java_client.android.AndroidDriver, Capabilities: {app=/Users/maher/Desktop/AppiumTest/src/test/resources/app/AccorAll_9_53_21111902.apk, appActivity=com.accor.app.debug.DebugActivity, appPackage=com.accor.appli.hybrid.inhouse, automationName=UiAutomator2, chromeDriverPort=11000, databaseEnabled=false, desired={platformName=android, chromeDriverPort=11000, app=/Users/maher/Desktop/AppiumTest/src/test/resources/app/AccorAll_9_53_21111902.apk, appActivity=com.accor.app.debug.DebugActivity, appPackage=com.accor.appli.hybrid.inhouse, automationName=UiAutomator2, deviceName=Samsung S10, systemPort=10001, udid=R58M21E51VW}, deviceApiLevel=28, deviceManufacturer=samsung, deviceModel=SM-G975F, deviceName=R58M21E51VW, deviceScreenDensity=420, deviceScreenSize=1080x2280, deviceUDID=R58M21E51VW, javascriptEnabled=true, locationContextEnabled=false, networkConnectionEnabled=true, pixelRatio=2.625, platform=LINUX, platformName=Android, platformVersion=9, statBarHeight=110, systemPort=10001, takesScreenshot=true, udid=R58M21E51VW, viewportRect={left=0, top=110, width=1080, height=1937}, warnings={}, webStorageEnabled=false}
[logs/Android_Samsung S10 INFO ] 2021-12-17 16:31:55.111 BaseTest:121 - video path: videos/Android_Samsung S10/2021-12-17-16-31-34/Search/inApp.mp4
[logs/Android_Samsung S10 INFO ] 2021-12-17 16:37:58.304 BaseTest:210 - log path: logs/Android_Samsung S10
[logs/Android_Samsung S10 INFO ] 2021-12-17 16:37:58.316 BaseTest:217 - load config.properties
[logs/Android_Samsung S10 INFO ] 2021-12-17 16:37:58.317 BaseTest:222 - load strings/strings.xml
[logs/Android_Samsung S10 INFO ] 2021-12-17 16:37:58.327 BaseTest:246 - appUrl is/Users/maher/Desktop/AppiumTest/src/test/resources/app/AccorAll_9_53_21111902.apk
[logs/Android_Samsung S10 INFO ] 2021-12-17 16:38:07.229 BaseTest:268 - driver initialized: io.appium.java_client.android.AndroidDriver, Capabilities: {app=/Users/maher/Desktop/AppiumTest/src/test/resources/app/AccorAll_9_53_21111902.apk, appActivity=com.accor.app.debug.DebugActivity, appPackage=com.accor.appli.hybrid.inhouse, automationName=UiAutomator2, chromeDriverPort=11000, databaseEnabled=false, desired={platformName=android, chromeDriverPort=11000, app=/Users/maher/Desktop/AppiumTest/src/test/resources/app/AccorAll_9_53_21111902.apk, appActivity=com.accor.app.debug.DebugActivity, appPackage=com.accor.appli.hybrid.inhouse, automationName=UiAutomator2, deviceName=Samsung S10, systemPort=10001, udid=R58M21E51VW}, deviceApiLevel=28, deviceManufacturer=samsung, deviceModel=SM-G975F, deviceName=R58M21E51VW, deviceScreenDensity=420, deviceScreenSize=1080x2280, deviceUDID=R58M21E51VW, javascriptEnabled=true, locationContextEnabled=false, networkConnectionEnabled=true, pixelRatio=2.625, platform=LINUX, platformName=Android, platformVersion=9, statBarHeight=110, systemPort=10001, takesScreenshot=true, udid=R58M21E51VW, viewportRect={left=0, top=110, width=1080, height=1937}, warnings={}, webStorageEnabled=false}
[logs/Android_Samsung S10 INFO ] 2021-12-17 16:38:22.071 BaseTest:121 - video path: videos/Android_Samsung S10/2021-12-17-16-37-58/Search/inApp.mp4
[logs/Android_Samsung S10 INFO ] 2021-12-17 16:38:44.394 BaseTest:210 - log path: logs/Android_Samsung S10
[logs/Android_Samsung S10 INFO ] 2021-12-17 16:38:44.398 BaseTest:217 - load config.properties
[logs/Android_Samsung S10 INFO ] 2021-12-17 16:38:44.402 BaseTest:222 - load strings/strings.xml
[logs/Android_Samsung S10 INFO ] 2021-12-17 16:38:44.410 BaseTest:246 - appUrl is/Users/maher/Desktop/AppiumTest/src/test/resources/app/AccorAll_9_53_21111902.apk
[logs/Android_Samsung S10 INFO ] 2021-12-17 16:38:51.449 BaseTest:268 - driver initialized: io.appium.java_client.android.AndroidDriver, Capabilities: {app=/Users/maher/Desktop/AppiumTest/src/test/resources/app/AccorAll_9_53_21111902.apk, appActivity=com.accor.app.debug.DebugActivity, appPackage=com.accor.appli.hybrid.inhouse, automationName=UiAutomator2, chromeDriverPort=11000, databaseEnabled=false, desired={platformName=android, chromeDriverPort=11000, app=/Users/maher/Desktop/AppiumTest/src/test/resources/app/AccorAll_9_53_21111902.apk, appActivity=com.accor.app.debug.DebugActivity, appPackage=com.accor.appli.hybrid.inhouse, automationName=UiAutomator2, deviceName=Samsung S10, systemPort=10001, udid=R58M21E51VW}, deviceApiLevel=28, deviceManufacturer=samsung, deviceModel=SM-G975F, deviceName=R58M21E51VW, deviceScreenDensity=420, deviceScreenSize=1080x2280, deviceUDID=R58M21E51VW, javascriptEnabled=true, locationContextEnabled=false, networkConnectionEnabled=true, pixelRatio=2.625, platform=LINUX, platformName=Android, platformVersion=9, statBarHeight=110, systemPort=10001, takesScreenshot=true, udid=R58M21E51VW, viewportRect={left=0, top=110, width=1080, height=1937}, warnings={}, webStorageEnabled=false}
[logs/Android_Samsung S10 INFO ] 2021-12-17 16:39:06.318 BaseTest:121 - video path: videos/Android_Samsung S10/2021-12-17-16-38-44/Search/inApp.mp4
[logs/Android_Samsung S10 INFO ] 2021-12-17 16:40:09.957 BaseTest:210 - log path: logs/Android_Samsung S10
[logs/Android_Samsung S10 INFO ] 2021-12-17 16:40:09.965 BaseTest:217 - load config.properties
[logs/Android_Samsung S10 INFO ] 2021-12-17 16:40:09.967 BaseTest:222 - load strings/strings.xml
[logs/Android_Samsung S10 INFO ] 2021-12-17 16:40:09.976 BaseTest:246 - appUrl is/Users/maher/Desktop/AppiumTest/src/test/resources/app/AccorAll_9_53_21111902.apk
[logs/Android_Samsung S10 INFO ] 2021-12-17 16:40:16.921 BaseTest:268 - driver initialized: io.appium.java_client.android.AndroidDriver, Capabilities: {app=/Users/maher/Desktop/AppiumTest/src/test/resources/app/AccorAll_9_53_21111902.apk, appActivity=com.accor.app.debug.DebugActivity, appPackage=com.accor.appli.hybrid.inhouse, automationName=UiAutomator2, chromeDriverPort=11000, databaseEnabled=false, desired={platformName=android, chromeDriverPort=11000, app=/Users/maher/Desktop/AppiumTest/src/test/resources/app/AccorAll_9_53_21111902.apk, appActivity=com.accor.app.debug.DebugActivity, appPackage=com.accor.appli.hybrid.inhouse, automationName=UiAutomator2, deviceName=Samsung S10, systemPort=10001, udid=R58M21E51VW}, deviceApiLevel=28, deviceManufacturer=samsung, deviceModel=SM-G975F, deviceName=R58M21E51VW, deviceScreenDensity=420, deviceScreenSize=1080x2280, deviceUDID=R58M21E51VW, javascriptEnabled=true, locationContextEnabled=false, networkConnectionEnabled=true, pixelRatio=2.625, platform=LINUX, platformName=Android, platformVersion=9, statBarHeight=110, systemPort=10001, takesScreenshot=true, udid=R58M21E51VW, viewportRect={left=0, top=110, width=1080, height=1937}, warnings={}, webStorageEnabled=false}
[logs/Android_Samsung S10 INFO ] 2021-12-17 16:40:31.959 BaseTest:121 - video path: videos/Android_Samsung S10/2021-12-17-16-40-09/Search/inApp.mp4
[logs/Android_Samsung S10 INFO ] 2021-12-17 16:41:13.193 BaseTest:210 - log path: logs/Android_Samsung S10
[logs/Android_Samsung S10 INFO ] 2021-12-17 16:41:13.199 BaseTest:217 - load config.properties
[logs/Android_Samsung S10 INFO ] 2021-12-17 16:41:13.203 BaseTest:222 - load strings/strings.xml
[logs/Android_Samsung S10 INFO ] 2021-12-17 16:41:13.214 BaseTest:246 - appUrl is/Users/maher/Desktop/AppiumTest/src/test/resources/app/AccorAll_9_53_21111902.apk
[logs/Android_Samsung S10 INFO ] 2021-12-17 16:41:21.459 BaseTest:268 - driver initialized: io.appium.java_client.android.AndroidDriver, Capabilities: {app=/Users/maher/Desktop/AppiumTest/src/test/resources/app/AccorAll_9_53_21111902.apk, appActivity=com.accor.app.debug.DebugActivity, appPackage=com.accor.appli.hybrid.inhouse, automationName=UiAutomator2, chromeDriverPort=11000, databaseEnabled=false, desired={platformName=android, chromeDriverPort=11000, app=/Users/maher/Desktop/AppiumTest/src/test/resources/app/AccorAll_9_53_21111902.apk, appActivity=com.accor.app.debug.DebugActivity, appPackage=com.accor.appli.hybrid.inhouse, automationName=UiAutomator2, deviceName=Samsung S10, systemPort=10001, udid=R58M21E51VW}, deviceApiLevel=28, deviceManufacturer=samsung, deviceModel=SM-G975F, deviceName=R58M21E51VW, deviceScreenDensity=420, deviceScreenSize=1080x2280, deviceUDID=R58M21E51VW, javascriptEnabled=true, locationContextEnabled=false, networkConnectionEnabled=true, pixelRatio=2.625, platform=LINUX, platformName=Android, platformVersion=9, statBarHeight=110, systemPort=10001, takesScreenshot=true, udid=R58M21E51VW, viewportRect={left=0, top=110, width=1080, height=1937}, warnings={}, webStorageEnabled=false}
[logs/Android_Samsung S10 INFO ] 2021-12-17 16:41:35.545 BaseTest:121 - video path: videos/Android_Samsung S10/2021-12-17-16-41-13/Search/inApp.mp4
[logs/Android_Samsung S10 INFO ] 2021-12-17 16:47:35.136 BaseTest:210 - log path: logs/Android_Samsung S10
[logs/Android_Samsung S10 INFO ] 2021-12-17 16:47:35.141 BaseTest:217 - load config.properties
[logs/Android_Samsung S10 INFO ] 2021-12-17 16:47:35.144 BaseTest:222 - load strings/strings.xml
[logs/Android_Samsung S10 INFO ] 2021-12-17 16:47:35.154 BaseTest:246 - appUrl is/Users/maher/Desktop/AppiumTest/src/test/resources/app/AccorAll_9_53_21111902.apk
[logs/Android_Samsung S10 INFO ] 2021-12-17 16:47:43.321 BaseTest:268 - driver initialized: io.appium.java_client.android.AndroidDriver, Capabilities: {app=/Users/maher/Desktop/AppiumTest/src/test/resources/app/AccorAll_9_53_21111902.apk, appActivity=com.accor.app.debug.DebugActivity, appPackage=com.accor.appli.hybrid.inhouse, automationName=UiAutomator2, chromeDriverPort=11000, databaseEnabled=false, desired={platformName=android, chromeDriverPort=11000, app=/Users/maher/Desktop/AppiumTest/src/test/resources/app/AccorAll_9_53_21111902.apk, appActivity=com.accor.app.debug.DebugActivity, appPackage=com.accor.appli.hybrid.inhouse, automationName=UiAutomator2, deviceName=Samsung S10, systemPort=10001, udid=R58M21E51VW}, deviceApiLevel=28, deviceManufacturer=samsung, deviceModel=SM-G975F, deviceName=R58M21E51VW, deviceScreenDensity=420, deviceScreenSize=1080x2280, deviceUDID=R58M21E51VW, javascriptEnabled=true, locationContextEnabled=false, networkConnectionEnabled=true, pixelRatio=2.625, platform=LINUX, platformName=Android, platformVersion=9, statBarHeight=110, systemPort=10001, takesScreenshot=true, udid=R58M21E51VW, viewportRect={left=0, top=110, width=1080, height=1937}, warnings={}, webStorageEnabled=false}
[logs/Android_Samsung S10 INFO ] 2021-12-17 16:49:12.339 BaseTest:121 - video path: videos/Android_Samsung S10/2021-12-17-16-47-35/Search/inApp.mp4
