[logs/Android_Samsung Galaxy S9 Plus INFO ] 2022-01-27 10:43:49.546 BaseTest:194 - log path: logs/Android_Samsung Galaxy S9 Plus
[logs/Android_Samsung Galaxy S9 Plus INFO ] 2022-01-27 10:43:49.561 BaseTest:201 - load config.properties
[logs/Android_Samsung Galaxy S9 Plus INFO ] 2022-01-27 10:43:49.567 BaseTest:206 - load strings/strings.xml
[logs/Android_Samsung Galaxy S9 Plus INFO ] 2022-01-27 10:44:33.264 BaseTest:248 - driver initialized: io.appium.java_client.android.AndroidDriver, Capabilities: {64bit=false, acceptSslCert=false, acceptSslCerts=false, adbExecTimeout=120000, appActivity=com.accor.app.splashscreen.view.SplashScreenActivity, appPackage=com.accor.appli.hybrid.inhouse, automationName=uiautomator2, browserstack-tunnel=true, browserstack.appium_version=1.17.0, browserstack.is_hub_canary=false, browserstack.minOSVersion=5.0, buildName=New Build, bundleID=com.accor.appli.hybrid.inhouse, bundleId=com.accor.appli.hybrid.inhouse, chromeOptions={w3c=false}, chromedriverPort=18080, chromedriverPorts=[[18100, 18110]], databaseEnabled=false, detected_language=selenium/3.141.59 (java mac), device=samsung galaxy s9 plus, deviceApiLevel=28, deviceManufacturer=samsung, deviceModel=SM-G965F, deviceName=2a7cd1e54a3f7ece, deviceScreenDensity=420, deviceScreenSize=1080x2220, deviceUDID=2a7cd1e54a3f7ece, disable_usage_reporting=true, enablePerformanceLogging=false, javascriptEnabled=true, locationContextEnabled=false, mobile={browser=mobile, version=Samsung Galaxy S9 Plus-9.0}, nativeWebScreenshot=true, networkConnectionEnabled=true, newCommandTimeout=0, new_bucketing=true, orig_os=android, osVersion=9.0, os_version=9.0, pixelRatio=2.625, platform=ANDROID, platformName=Android, platformVersion=9, projectName=10000, realMobile=true, sessionName=AccountTest, skipServerInstallation=true, statBarHeight=63, systemPort=8200, takesScreenshot=true, udid=2a7cd1e54a3f7ece, uiautomator2ServerLaunchTimeout=60000, version=, viewportRect={left=0, top=63, width=1080, height=2031}, warnings={}, webStorageEnabled=false}
[logs/Android_Samsung Galaxy S9 Plus INFO ] 2022-01-27 10:53:07.716 BaseTest:194 - log path: logs/Android_Samsung Galaxy S9 Plus
[logs/Android_Samsung Galaxy S9 Plus INFO ] 2022-01-27 10:53:07.722 BaseTest:201 - load config.properties
[logs/Android_Samsung Galaxy S9 Plus INFO ] 2022-01-27 10:53:07.725 BaseTest:206 - load strings/strings.xml
[logs/Android_Samsung Galaxy S9 Plus INFO ] 2022-01-27 10:54:01.329 BaseTest:248 - driver initialized: io.appium.java_client.android.AndroidDriver, Capabilities: {64bit=false, acceptSslCert=false, acceptSslCerts=false, adbExecTimeout=120000, appActivity=com.accor.app.splashscreen.view.SplashScreenActivity, appPackage=com.accor.appli.hybrid.inhouse, automationName=uiautomator2, browserstack-tunnel=true, browserstack.appium_version=1.17.0, browserstack.is_hub_canary=false, browserstack.minOSVersion=5.0, buildName=New Build, bundleID=com.accor.appli.hybrid.inhouse, bundleId=com.accor.appli.hybrid.inhouse, chromeOptions={w3c=false}, chromedriverPort=18080, chromedriverPorts=[[18100, 18110]], databaseEnabled=false, detected_language=selenium/3.141.59 (java mac), device=samsung galaxy s9 plus, deviceApiLevel=26, deviceManufacturer=samsung, deviceModel=SM-G965F, deviceName=1afac81640047ece, deviceScreenDensity=420, deviceScreenSize=1080x2220, deviceUDID=1afac81640047ece, disable_usage_reporting=true, enablePerformanceLogging=false, javascriptEnabled=true, locationContextEnabled=false, mobile={browser=mobile, version=Samsung Galaxy S9 Plus-8.0}, nativeWebScreenshot=true, networkConnectionEnabled=true, newCommandTimeout=0, new_bucketing=true, orig_os=android, osVersion=8.0, os_version=8.0, pixelRatio=2.625, platform=ANDROID, platformName=Android, platformVersion=8.0.0, projectName=10000, realMobile=true, sessionName=AccountTest, skipServerInstallation=true, statBarHeight=63, systemPort=8200, takesScreenshot=true, udid=1afac81640047ece, uiautomator2ServerLaunchTimeout=60000, version=, viewportRect={left=0, top=63, width=1080, height=2031}, warnings={}, webStorageEnabled=false}
[logs/Android_Samsung Galaxy S9 Plus ERROR] 2022-01-27 10:55:45.581 TestListener:40 - org.openqa.selenium.TimeoutException: Expected condition failed: waiting for presence of element located by: By.xpath: //android.widget.FrameLayout[@content-desc="Account"]/android.view.ViewGroup/android.widget.TextView (tried for 20 second(s) with 500 milliseconds interval)
	at org.openqa.selenium.support.ui.WebDriverWait.timeoutException(WebDriverWait.java:95)
	at org.openqa.selenium.support.ui.FluentWait.until(FluentWait.java:272)
	at com.qa.BasePage.waitAndClick(BasePage.java:48)
	at com.qa.pages.PageTestAccount.renewPasswordFailed(PageTestAccount.java:490)
	at com.qa.tests.Account.RenewPasswordFailed(Account.java:228)
	at java.base/jdk.internal.reflect.NativeMethodAccessorImpl.invoke0(Native Method)
	at java.base/jdk.internal.reflect.NativeMethodAccessorImpl.invoke(NativeMethodAccessorImpl.java:77)
	at java.base/jdk.internal.reflect.DelegatingMethodAccessorImpl.invoke(DelegatingMethodAccessorImpl.java:43)
	at java.base/java.lang.reflect.Method.invoke(Method.java:568)
	at org.testng.internal.MethodInvocationHelper.invokeMethod(MethodInvocationHelper.java:133)
	at org.testng.internal.TestInvoker.invokeMethod(TestInvoker.java:598)
	at org.testng.internal.TestInvoker.invokeTestMethod(TestInvoker.java:173)
	at org.testng.internal.MethodRunner.runInSequence(MethodRunner.java:46)
	at org.testng.internal.TestInvoker$MethodInvocationAgent.invoke(TestInvoker.java:824)
	at org.testng.internal.TestInvoker.invokeTestMethods(TestInvoker.java:146)
	at org.testng.internal.TestMethodWorker.invokeTestMethods(TestMethodWorker.java:146)
	at org.testng.internal.TestMethodWorker.run(TestMethodWorker.java:128)
	at java.base/java.util.ArrayList.forEach(ArrayList.java:1511)
	at org.testng.TestRunner.privateRun(TestRunner.java:794)
	at org.testng.TestRunner.run(TestRunner.java:596)
	at org.testng.SuiteRunner.runTest(SuiteRunner.java:377)
	at org.testng.SuiteRunner.access$000(SuiteRunner.java:28)
	at org.testng.SuiteRunner$SuiteWorker.run(SuiteRunner.java:418)
	at org.testng.internal.thread.ThreadUtil.lambda$execute$0(ThreadUtil.java:64)
	at java.base/java.util.concurrent.FutureTask.run(FutureTask.java:264)
	at java.base/java.util.concurrent.ThreadPoolExecutor.runWorker(ThreadPoolExecutor.java:1136)
	at java.base/java.util.concurrent.ThreadPoolExecutor$Worker.run(ThreadPoolExecutor.java:635)
	at java.base/java.lang.Thread.run(Thread.java:833)
Caused by: org.openqa.selenium.NoSuchElementException: An element could not be located on the page using the given search parameters. (WARNING: The server did not provide any stacktrace information)
Command duration or timeout: 0 milliseconds
For documentation on this error, please visit: https://www.seleniumhq.org/exceptions/no_such_element.html
Build info: version: '3.141.59', revision: 'e82be7d358', time: '2018-11-14T08:17:03'
System info: host: 'MBP-de-maher', ip: '2001:861:4680:c360:2082:21b0:fd88:bcc6%en0', os.name: 'Mac OS X', os.arch: 'x86_64', os.version: '12.0.1', java.version: '17.0.1'
Driver info: io.appium.java_client.android.AndroidDriver
Capabilities {64bit: false, acceptSslCert: false, acceptSslCerts: false, adbExecTimeout: 120000, appActivity: com.accor.app.splashscreen...., appPackage: com.accor.appli.hybrid.inhouse, automationName: uiautomator2, browserstack-tunnel: true, browserstack.appium_version: 1.17.0, browserstack.is_hub_canary: false, browserstack.minOSVersion: 5.0, buildName: New Build, bundleID: com.accor.appli.hybrid.inhouse, bundleId: com.accor.appli.hybrid.inhouse, chromeOptions: {w3c: false}, chromedriverPort: 18080, chromedriverPorts: [[18100, 18110]], databaseEnabled: false, detected_language: selenium/3.141.59 (java mac), device: samsung galaxy s9 plus, deviceApiLevel: 26, deviceManufacturer: samsung, deviceModel: SM-G965F, deviceName: 1afac81640047ece, deviceScreenDensity: 420, deviceScreenSize: 1080x2220, deviceUDID: 1afac81640047ece, disable_usage_reporting: true, enablePerformanceLogging: false, javascriptEnabled: true, locationContextEnabled: false, mobile: {browser: mobile, version: Samsung Galaxy S9 Plus-8.0}, nativeWebScreenshot: true, networkConnectionEnabled: true, newCommandTimeout: 0, new_bucketing: true, orig_os: android, osVersion: 8.0, os_version: 8.0, pixelRatio: 2.625, platform: ANDROID, platformName: Android, platformVersion: 8.0.0, projectName: 10000, realMobile: true, sessionName: AccountTest, skipServerInstallation: true, statBarHeight: 63, systemPort: 8200, takesScreenshot: true, udid: 1afac81640047ece, uiautomator2ServerLaunchTimeout: 60000, version: , viewportRect: {height: 2031, left: 0, top: 63, width: 1080}, warnings: {}, webStorageEnabled: false}
Session ID: 5382c6ddce0954352cceebc4233d5c8caa6d4ced
*** Element info: {Using=xpath, value=//android.widget.FrameLayout[@content-desc="Account"]/android.view.ViewGroup/android.widget.TextView}
	at jdk.internal.reflect.GeneratedConstructorAccessor21.newInstance(Unknown Source)
	at java.base/jdk.internal.reflect.DelegatingConstructorAccessorImpl.newInstance(DelegatingConstructorAccessorImpl.java:45)
	at java.base/java.lang.reflect.Constructor.newInstanceWithCaller(Constructor.java:499)
	at java.base/java.lang.reflect.Constructor.newInstance(Constructor.java:480)
	at org.openqa.selenium.remote.ErrorHandler.createThrowable(ErrorHandler.java:214)
	at org.openqa.selenium.remote.ErrorHandler.throwIfResponseFailed(ErrorHandler.java:166)
	at org.openqa.selenium.remote.http.JsonHttpResponseCodec.reconstructValue(JsonHttpResponseCodec.java:40)
	at org.openqa.selenium.remote.http.AbstractHttpResponseCodec.decode(AbstractHttpResponseCodec.java:80)
	at org.openqa.selenium.remote.http.AbstractHttpResponseCodec.decode(AbstractHttpResponseCodec.java:44)
	at org.openqa.selenium.remote.HttpCommandExecutor.execute(HttpCommandExecutor.java:158)
	at io.appium.java_client.remote.AppiumCommandExecutor.execute(AppiumCommandExecutor.java:250)
	at org.openqa.selenium.remote.RemoteWebDriver.execute(RemoteWebDriver.java:552)
	at io.appium.java_client.DefaultGenericMobileDriver.execute(DefaultGenericMobileDriver.java:41)
	at io.appium.java_client.AppiumDriver.execute(AppiumDriver.java:1)
	at io.appium.java_client.android.AndroidDriver.execute(AndroidDriver.java:1)
	at org.openqa.selenium.remote.RemoteWebDriver.findElement(RemoteWebDriver.java:323)
	at io.appium.java_client.DefaultGenericMobileDriver.findElement(DefaultGenericMobileDriver.java:61)
	at io.appium.java_client.AppiumDriver.findElement(AppiumDriver.java:1)
	at io.appium.java_client.android.AndroidDriver.findElement(AndroidDriver.java:1)
	at org.openqa.selenium.remote.RemoteWebDriver.findElementByXPath(RemoteWebDriver.java:428)
	at io.appium.java_client.DefaultGenericMobileDriver.findElementByXPath(DefaultGenericMobileDriver.java:151)
	at io.appium.java_client.AppiumDriver.findElementByXPath(AppiumDriver.java:1)
	at io.appium.java_client.android.AndroidDriver.findElementByXPath(AndroidDriver.java:1)
	at org.openqa.selenium.By$ByXPath.findElement(By.java:353)
	at org.openqa.selenium.remote.RemoteWebDriver.findElement(RemoteWebDriver.java:315)
	at io.appium.java_client.DefaultGenericMobileDriver.findElement(DefaultGenericMobileDriver.java:57)
	at io.appium.java_client.AppiumDriver.findElement(AppiumDriver.java:1)
	at io.appium.java_client.android.AndroidDriver.findElement(AndroidDriver.java:1)
	at org.openqa.selenium.support.ui.ExpectedConditions$6.apply(ExpectedConditions.java:182)
	at org.openqa.selenium.support.ui.ExpectedConditions$6.apply(ExpectedConditions.java:179)
	at org.openqa.selenium.support.ui.FluentWait.until(FluentWait.java:249)
	... 26 more

