[logs/Android_Samsung S10 INFO ] 2021-12-08 11:05:33.342 BaseTest:221 - log path: logs/Android_Samsung S10
[logs/Android_Samsung S10 INFO ] 2021-12-08 11:05:33.348 BaseTest:228 - load config.properties
[logs/Android_Samsung S10 INFO ] 2021-12-08 11:05:33.351 BaseTest:233 - load strings/strings.xml
[logs/Android_Samsung S10 INFO ] 2021-12-08 11:05:33.358 BaseTest:257 - appUrl is/Users/maher/Desktop/AppiumTest/src/test/resources/app/Android.SauceLabs.Mobile.Sample.app.2.2.1.apk
[logs/Android_Samsung S10 INFO ] 2021-12-08 11:05:50.706 BaseTest:279 - driver initialized: io.appium.java_client.android.AndroidDriver, Capabilities: {app=/Users/maher/Desktop/AppiumTest/src/test/resources/app/Android.SauceLabs.Mobile.Sample.app.2.2.1.apk, appActivity=com.swaglabsmobileapp.SplashActivity, appPackage=com.swaglabsmobileapp, automationName=UiAutomator2, chromeDriverPort=11000, databaseEnabled=false, desired={platformName=android, chromeDriverPort=11000, app=/Users/maher/Desktop/AppiumTest/src/test/resources/app/Android.SauceLabs.Mobile.Sample.app.2.2.1.apk, appActivity=com.swaglabsmobileapp.SplashActivity, appPackage=com.swaglabsmobileapp, automationName=UiAutomator2, deviceName=Samsung S10, systemPort=10000, udid=R58M21E51VW}, deviceApiLevel=28, deviceManufacturer=samsung, deviceModel=SM-G975F, deviceName=R58M21E51VW, deviceScreenDensity=420, deviceScreenSize=1080x2280, deviceUDID=R58M21E51VW, javascriptEnabled=true, locationContextEnabled=false, networkConnectionEnabled=true, pixelRatio=2.625, platform=LINUX, platformName=Android, platformVersion=9, statBarHeight=110, systemPort=10000, takesScreenshot=true, udid=R58M21E51VW, viewportRect={left=0, top=110, width=1080, height=1937}, warnings={}, webStorageEnabled=false}
[logs/Android_Samsung S10 INFO ] 2021-12-08 11:05:53.231 ProductTests:63 - 
****** starting test:validateProductOnProductDetailsPage******

[logs/Android_Samsung S10 INFO ] 2021-12-08 11:05:57.292 LoginTests:59 - 
****** starting test:invalidPassword******

[logs/Android_Samsung S10 INFO ] 2021-12-08 11:08:18.333 BaseTest:221 - log path: logs/Android_Samsung S10
[logs/Android_Samsung S10 INFO ] 2021-12-08 11:08:18.337 BaseTest:228 - load config.properties
[logs/Android_Samsung S10 INFO ] 2021-12-08 11:08:18.340 BaseTest:233 - load strings/strings.xml
[logs/Android_Samsung S10 INFO ] 2021-12-08 11:08:18.352 BaseTest:257 - appUrl is/Users/maher/Desktop/AppiumTest/src/test/resources/app/Android.SauceLabs.Mobile.Sample.app.2.2.1.apk
[logs/Android_Samsung S10 FATAL] 2021-12-08 11:08:19.183 BaseTest:281 - driver initialization failure. ABORT!!!
org.openqa.selenium.SessionNotCreatedException: Unable to create a new remote session. Please check the server log for more details. Original error: An unknown server-side error occurred while processing the command. Original error: The Android SDK root folder '/Users/omprakashchavan/Library/Android/sdk' does not exist on the local file system. Read https://developer.android.com/studio/command-line/variables for more details
Build info: version: '3.141.59', revision: 'e82be7d358', time: '2018-11-14T08:17:03'
System info: host: 'MBP-de-maher', ip: '2001:861:4680:c360:c0ac:2b43:cce6:caf%en0', os.name: 'Mac OS X', os.arch: 'x86_64', os.version: '12.0.1', java.version: '17.0.1'
Driver info: driver.version: AndroidDriver
remote stacktrace: UnknownError: An unknown server-side error occurred while processing the command. Original error: The Android SDK root folder '/Users/omprakashchavan/Library/Android/sdk' does not exist on the local file system. Read https://developer.android.com/studio/command-line/variables for more details
    at getResponseForW3CError (/usr/local/lib/node_modules/appium/node_modules/appium-base-driver/lib/protocol/errors.js:804:9)
    at asyncHandler (/usr/local/lib/node_modules/appium/node_modules/appium-base-driver/lib/protocol/protocol.js:380:37)
Build info: version: '3.141.59', revision: 'e82be7d358', time: '2018-11-14T08:17:03'
System info: host: 'MBP-de-maher', ip: '2001:861:4680:c360:c0ac:2b43:cce6:caf%en0', os.name: 'Mac OS X', os.arch: 'x86_64', os.version: '12.0.1', java.version: '17.0.1'
Driver info: driver.version: AndroidDriver
[logs/Android_Samsung S10 INFO ] 2021-12-08 11:16:40.497 BaseTest:221 - log path: logs/Android_Samsung S10
[logs/Android_Samsung S10 INFO ] 2021-12-08 11:16:40.503 BaseTest:228 - load config.properties
[logs/Android_Samsung S10 INFO ] 2021-12-08 11:16:40.506 BaseTest:233 - load strings/strings.xml
[logs/Android_Samsung S10 INFO ] 2021-12-08 11:16:40.517 BaseTest:257 - appUrl is/Users/maher/Desktop/AppiumTest/src/test/resources/app/Android.SauceLabs.Mobile.Sample.app.2.2.1.apk
[logs/Android_Samsung S10 INFO ] 2021-12-08 11:16:56.161 BaseTest:279 - driver initialized: io.appium.java_client.android.AndroidDriver, Capabilities: {app=/Users/maher/Desktop/AppiumTest/src/test/resources/app/Android.SauceLabs.Mobile.Sample.app.2.2.1.apk, appActivity=com.swaglabsmobileapp.SplashActivity, appPackage=com.swaglabsmobileapp, automationName=UiAutomator2, chromeDriverPort=11000, databaseEnabled=false, desired={platformName=android, chromeDriverPort=11000, app=/Users/maher/Desktop/AppiumTest/src/test/resources/app/Android.SauceLabs.Mobile.Sample.app.2.2.1.apk, appActivity=com.swaglabsmobileapp.SplashActivity, appPackage=com.swaglabsmobileapp, automationName=UiAutomator2, deviceName=Samsung S10, systemPort=10000, udid=R58M21E51VW}, deviceApiLevel=28, deviceManufacturer=samsung, deviceModel=SM-G975F, deviceName=R58M21E51VW, deviceScreenDensity=420, deviceScreenSize=1080x2280, deviceUDID=R58M21E51VW, javascriptEnabled=true, locationContextEnabled=false, networkConnectionEnabled=true, pixelRatio=2.625, platform=LINUX, platformName=Android, platformVersion=9, statBarHeight=110, systemPort=10000, takesScreenshot=true, udid=R58M21E51VW, viewportRect={left=0, top=110, width=1080, height=1937}, warnings={}, webStorageEnabled=false}
[logs/Android_Samsung S10 INFO ] 2021-12-08 11:16:58.133 ProductTests:63 - 
****** starting test:validateProductOnProductDetailsPage******

[logs/Android_Samsung S10 INFO ] 2021-12-08 11:17:01.512 LoginTests:59 - 
****** starting test:invalidPassword******

[logs/Android_Samsung S10 INFO ] 2021-12-08 11:17:44.309 BaseTest:221 - log path: logs/Android_Samsung S10
[logs/Android_Samsung S10 INFO ] 2021-12-08 11:17:44.314 BaseTest:228 - load config.properties
[logs/Android_Samsung S10 INFO ] 2021-12-08 11:17:44.317 BaseTest:233 - load strings/strings.xml
[logs/Android_Samsung S10 INFO ] 2021-12-08 11:17:44.325 BaseTest:257 - appUrl is/Users/maher/Desktop/AppiumTest/src/test/resources/app/Android.SauceLabs.Mobile.Sample.app.2.2.1.apk
[logs/Android_Samsung S10 INFO ] 2021-12-08 11:17:54.701 BaseTest:279 - driver initialized: io.appium.java_client.android.AndroidDriver, Capabilities: {app=/Users/maher/Desktop/AppiumTest/src/test/resources/app/Android.SauceLabs.Mobile.Sample.app.2.2.1.apk, appActivity=com.swaglabsmobileapp.SplashActivity, appPackage=com.swaglabsmobileapp, automationName=UiAutomator2, chromeDriverPort=11000, databaseEnabled=false, desired={platformName=android, chromeDriverPort=11000, app=/Users/maher/Desktop/AppiumTest/src/test/resources/app/Android.SauceLabs.Mobile.Sample.app.2.2.1.apk, appActivity=com.swaglabsmobileapp.SplashActivity, appPackage=com.swaglabsmobileapp, automationName=UiAutomator2, deviceName=Samsung S10, systemPort=10000, udid=R58M21E51VW}, deviceApiLevel=28, deviceManufacturer=samsung, deviceModel=SM-G975F, deviceName=R58M21E51VW, deviceScreenDensity=420, deviceScreenSize=1080x2280, deviceUDID=R58M21E51VW, javascriptEnabled=true, locationContextEnabled=false, networkConnectionEnabled=true, pixelRatio=2.625, platform=LINUX, platformName=Android, platformVersion=9, statBarHeight=110, systemPort=10000, takesScreenshot=true, udid=R58M21E51VW, viewportRect={left=0, top=110, width=1080, height=1937}, warnings={}, webStorageEnabled=false}
[logs/Android_Samsung S10 INFO ] 2021-12-08 11:17:56.760 ProductTests:63 - 
****** starting test:validateProductOnProductDetailsPage******

[logs/Android_Samsung S10 INFO ] 2021-12-08 11:18:00.278 LoginTests:59 - 
****** starting test:invalidPassword******

[logs/Android_Samsung S10 INFO ] 2021-12-08 11:18:22.096 BaseTest:221 - log path: logs/Android_Samsung S10
[logs/Android_Samsung S10 INFO ] 2021-12-08 11:18:22.101 BaseTest:228 - load config.properties
[logs/Android_Samsung S10 INFO ] 2021-12-08 11:18:22.104 BaseTest:233 - load strings/strings.xml
[logs/Android_Samsung S10 INFO ] 2021-12-08 11:18:22.112 BaseTest:257 - appUrl is/Users/maher/Desktop/AppiumTest/src/test/resources/app/Android.SauceLabs.Mobile.Sample.app.2.2.1.apk
[logs/Android_Samsung S10 INFO ] 2021-12-08 11:18:33.710 BaseTest:279 - driver initialized: io.appium.java_client.android.AndroidDriver, Capabilities: {app=/Users/maher/Desktop/AppiumTest/src/test/resources/app/Android.SauceLabs.Mobile.Sample.app.2.2.1.apk, appActivity=com.swaglabsmobileapp.SplashActivity, appPackage=com.swaglabsmobileapp, automationName=UiAutomator2, chromeDriverPort=11000, databaseEnabled=false, desired={platformName=android, chromeDriverPort=11000, app=/Users/maher/Desktop/AppiumTest/src/test/resources/app/Android.SauceLabs.Mobile.Sample.app.2.2.1.apk, appActivity=com.swaglabsmobileapp.SplashActivity, appPackage=com.swaglabsmobileapp, automationName=UiAutomator2, deviceName=Samsung S10, systemPort=10000, udid=R58M21E51VW}, deviceApiLevel=28, deviceManufacturer=samsung, deviceModel=SM-G975F, deviceName=R58M21E51VW, deviceScreenDensity=420, deviceScreenSize=1080x2280, deviceUDID=R58M21E51VW, javascriptEnabled=true, locationContextEnabled=false, networkConnectionEnabled=true, pixelRatio=2.625, platform=LINUX, platformName=Android, platformVersion=9, statBarHeight=110, systemPort=10000, takesScreenshot=true, udid=R58M21E51VW, viewportRect={left=0, top=110, width=1080, height=1937}, warnings={}, webStorageEnabled=false}
[logs/Android_Samsung S10 INFO ] 2021-12-08 11:18:36.071 ProductTests:63 - 
****** starting test:validateProductOnProductDetailsPage******

[logs/Android_Samsung S10 INFO ] 2021-12-08 11:18:40.528 LoginTests:59 - 
****** starting test:invalidPassword******

[logs/Android_Samsung S10 INFO ] 2021-12-08 11:37:28.633 BaseTest:221 - log path: logs/Android_Samsung S10
[logs/Android_Samsung S10 INFO ] 2021-12-08 11:37:28.600 BaseTest:221 - log path: logs/Android_Samsung S10
[logs/Android_Samsung S10 INFO ] 2021-12-08 11:37:28.649 BaseTest:228 - load config.properties
[logs/Android_Samsung S10 INFO ] 2021-12-08 11:37:28.649 BaseTest:228 - load config.properties
[logs/Android_Samsung S10 INFO ] 2021-12-08 11:37:28.655 BaseTest:233 - load strings/strings.xml
[logs/Android_Samsung S10 INFO ] 2021-12-08 11:37:28.655 BaseTest:233 - load strings/strings.xml
[logs/Android_Samsung S10 INFO ] 2021-12-08 11:37:28.671 BaseTest:257 - appUrl is/Users/maher/Desktop/AppiumTest/src/test/resources/app/Android.SauceLabs.Mobile.Sample.app.2.2.1.apk
[logs/Android_Samsung S10 INFO ] 2021-12-08 11:37:28.671 BaseTest:257 - appUrl is/Users/maher/Desktop/AppiumTest/src/test/resources/app/Android.SauceLabs.Mobile.Sample.app.2.2.1.apk
[logs/Android_Samsung S10 FATAL] 2021-12-08 11:37:29.418 BaseTest:281 - driver initialization failure. ABORT!!!
org.openqa.selenium.SessionNotCreatedException: Unable to create a new remote session. Please check the server log for more details. Original error: An unknown server-side error occurred while processing the command. Original error: The application at '/Users/maher/Desktop/AppiumTest/src/test/resources/app/Android.SauceLabs.Mobile.Sample.app.2.2.1.apk' does not exist or is not accessible
Build info: version: '3.141.59', revision: 'e82be7d358', time: '2018-11-14T08:17:03'
System info: host: 'MBP-de-maher', ip: '2001:861:4680:c360:c0ac:2b43:cce6:caf%en0', os.name: 'Mac OS X', os.arch: 'x86_64', os.version: '12.0.1', java.version: '17.0.1'
Driver info: driver.version: AndroidDriver
remote stacktrace: UnknownError: An unknown server-side error occurred while processing the command. Original error: The application at '/Users/maher/Desktop/AppiumTest/src/test/resources/app/Android.SauceLabs.Mobile.Sample.app.2.2.1.apk' does not exist or is not accessible
    at getResponseForW3CError (/Applications/Appium Server GUI.app/Contents/Resources/app/node_modules/appium/node_modules/appium-base-driver/lib/protocol/errors.js:804:9)
    at asyncHandler (/Applications/Appium Server GUI.app/Contents/Resources/app/node_modules/appium/node_modules/appium-base-driver/lib/protocol/protocol.js:380:37)
    at runMicrotasks (<anonymous>)
    at runNextTicks (internal/process/task_queues.js:58:5)
    at processImmediate (internal/timers.js:412:9)
Build info: version: '3.141.59', revision: 'e82be7d358', time: '2018-11-14T08:17:03'
System info: host: 'MBP-de-maher', ip: '2001:861:4680:c360:c0ac:2b43:cce6:caf%en0', os.name: 'Mac OS X', os.arch: 'x86_64', os.version: '12.0.1', java.version: '17.0.1'
Driver info: driver.version: AndroidDriver
[logs/Android_Samsung S10 FATAL] 2021-12-08 11:37:29.418 BaseTest:281 - driver initialization failure. ABORT!!!
org.openqa.selenium.SessionNotCreatedException: Unable to create a new remote session. Please check the server log for more details. Original error: An unknown server-side error occurred while processing the command. Original error: The application at '/Users/maher/Desktop/AppiumTest/src/test/resources/app/Android.SauceLabs.Mobile.Sample.app.2.2.1.apk' does not exist or is not accessible
Build info: version: '3.141.59', revision: 'e82be7d358', time: '2018-11-14T08:17:03'
System info: host: 'MBP-de-maher', ip: '2001:861:4680:c360:c0ac:2b43:cce6:caf%en0', os.name: 'Mac OS X', os.arch: 'x86_64', os.version: '12.0.1', java.version: '17.0.1'
Driver info: driver.version: AndroidDriver
remote stacktrace: UnknownError: An unknown server-side error occurred while processing the command. Original error: The application at '/Users/maher/Desktop/AppiumTest/src/test/resources/app/Android.SauceLabs.Mobile.Sample.app.2.2.1.apk' does not exist or is not accessible
    at getResponseForW3CError (/Applications/Appium Server GUI.app/Contents/Resources/app/node_modules/appium/node_modules/appium-base-driver/lib/protocol/errors.js:804:9)
    at asyncHandler (/Applications/Appium Server GUI.app/Contents/Resources/app/node_modules/appium/node_modules/appium-base-driver/lib/protocol/protocol.js:380:37)
Build info: version: '3.141.59', revision: 'e82be7d358', time: '2018-11-14T08:17:03'
System info: host: 'MBP-de-maher', ip: '2001:861:4680:c360:c0ac:2b43:cce6:caf%en0', os.name: 'Mac OS X', os.arch: 'x86_64', os.version: '12.0.1', java.version: '17.0.1'
Driver info: driver.version: AndroidDriver
[logs/Android_Samsung S10 INFO ] 2021-12-08 11:39:02.074 BaseTest:221 - log path: logs/Android_Samsung S10
[logs/Android_Samsung S10 INFO ] 2021-12-08 11:39:02.085 BaseTest:228 - load config.properties
[logs/Android_Samsung S10 INFO ] 2021-12-08 11:39:02.089 BaseTest:233 - load strings/strings.xml
[logs/Android_Samsung S10 INFO ] 2021-12-08 11:39:02.099 BaseTest:257 - appUrl is/Users/maher/Desktop/AppiumTest/src/test/resources/app/Android.SauceLabs.Mobile.Sample.app.2.2.1.apk
[logs/Android_Samsung S10 FATAL] 2021-12-08 11:39:02.667 BaseTest:281 - driver initialization failure. ABORT!!!
org.openqa.selenium.SessionNotCreatedException: Unable to create a new remote session. Please check the server log for more details. Original error: An unknown server-side error occurred while processing the command. Original error: The application at '/Users/maher/Desktop/AppiumTest/src/test/resources/app/Android.SauceLabs.Mobile.Sample.app.2.2.1.apk' does not exist or is not accessible
Build info: version: '3.141.59', revision: 'e82be7d358', time: '2018-11-14T08:17:03'
System info: host: 'MBP-de-maher', ip: '2001:861:4680:c360:c0ac:2b43:cce6:caf%en0', os.name: 'Mac OS X', os.arch: 'x86_64', os.version: '12.0.1', java.version: '17.0.1'
Driver info: driver.version: AndroidDriver
remote stacktrace: UnknownError: An unknown server-side error occurred while processing the command. Original error: The application at '/Users/maher/Desktop/AppiumTest/src/test/resources/app/Android.SauceLabs.Mobile.Sample.app.2.2.1.apk' does not exist or is not accessible
    at getResponseForW3CError (/Applications/Appium Server GUI.app/Contents/Resources/app/node_modules/appium/node_modules/appium-base-driver/lib/protocol/errors.js:804:9)
    at asyncHandler (/Applications/Appium Server GUI.app/Contents/Resources/app/node_modules/appium/node_modules/appium-base-driver/lib/protocol/protocol.js:380:37)
Build info: version: '3.141.59', revision: 'e82be7d358', time: '2018-11-14T08:17:03'
System info: host: 'MBP-de-maher', ip: '2001:861:4680:c360:c0ac:2b43:cce6:caf%en0', os.name: 'Mac OS X', os.arch: 'x86_64', os.version: '12.0.1', java.version: '17.0.1'
Driver info: driver.version: AndroidDriver
[logs/Android_Samsung S10 INFO ] 2021-12-08 11:40:56.508 BaseTest:221 - log path: logs/Android_Samsung S10
[logs/Android_Samsung S10 INFO ] 2021-12-08 11:40:56.517 BaseTest:228 - load config.properties
[logs/Android_Samsung S10 INFO ] 2021-12-08 11:40:56.521 BaseTest:233 - load strings/strings.xml
[logs/Android_Samsung S10 INFO ] 2021-12-08 11:40:56.532 BaseTest:257 - appUrl is/Users/maher/Desktop/AppiumTest/src/test/resources/app/AccorAll_9_53_21111902.apk
[logs/Android_Samsung S10 INFO ] 2021-12-08 11:41:04.162 BaseTest:279 - driver initialized: io.appium.java_client.android.AndroidDriver, Capabilities: {app=/Users/maher/Desktop/AppiumTest/src/test/resources/app/AccorAll_9_53_21111902.apk, appActivity=com.accor.app.debug.DebugActivity, appPackage=com.accor.appli.hybrid.inhouse, automationName=UiAutomator2, chromeDriverPort=11000, databaseEnabled=false, desired={platformName=android, chromeDriverPort=11000, app=/Users/maher/Desktop/AppiumTest/src/test/resources/app/AccorAll_9_53_21111902.apk, appActivity=com.accor.app.debug.DebugActivity, appPackage=com.accor.appli.hybrid.inhouse, automationName=UiAutomator2, deviceName=Samsung S10, systemPort=10000, udid=R58M21E51VW}, deviceApiLevel=28, deviceManufacturer=samsung, deviceModel=SM-G975F, deviceName=R58M21E51VW, deviceScreenDensity=420, deviceScreenSize=1080x2280, deviceUDID=R58M21E51VW, javascriptEnabled=true, locationContextEnabled=false, networkConnectionEnabled=true, pixelRatio=2.625, platform=LINUX, platformName=Android, platformVersion=9, statBarHeight=110, systemPort=10000, takesScreenshot=true, udid=R58M21E51VW, viewportRect={left=0, top=110, width=1080, height=1937}, warnings={}, webStorageEnabled=false}
[logs/Android_Samsung S10 INFO ] 2021-12-08 11:41:06.820 ProductTests:63 - 
****** starting test:validateProductOnProductDetailsPage******

[logs/Android_Samsung S10 INFO ] 2021-12-08 11:41:11.063 LoginTests:59 - 
****** starting test:invalidPassword******

[logs/Android_Samsung S10 INFO ] 2021-12-08 11:41:48.415 BaseTest:221 - log path: logs/Android_Samsung S10
[logs/Android_Samsung S10 INFO ] 2021-12-08 11:41:48.419 BaseTest:228 - load config.properties
[logs/Android_Samsung S10 INFO ] 2021-12-08 11:41:48.422 BaseTest:233 - load strings/strings.xml
[logs/Android_Samsung S10 INFO ] 2021-12-08 11:41:48.431 BaseTest:257 - appUrl is/Users/maher/Desktop/AppiumTest/src/test/resources/app/AccorAll_9_53_21111902.apk
[logs/Android_Samsung S10 INFO ] 2021-12-08 11:42:06.472 BaseTest:279 - driver initialized: io.appium.java_client.android.AndroidDriver, Capabilities: {app=/Users/maher/Desktop/AppiumTest/src/test/resources/app/AccorAll_9_53_21111902.apk, appActivity=com.accor.app.debug.DebugActivity, appPackage=com.accor.appli.hybrid.inhouse, automationName=UiAutomator2, chromeDriverPort=11000, databaseEnabled=false, desired={platformName=android, chromeDriverPort=11000, app=/Users/maher/Desktop/AppiumTest/src/test/resources/app/AccorAll_9_53_21111902.apk, appActivity=com.accor.app.debug.DebugActivity, appPackage=com.accor.appli.hybrid.inhouse, automationName=UiAutomator2, deviceName=Samsung S10, systemPort=10000, udid=R58M21E51VW}, deviceApiLevel=28, deviceManufacturer=samsung, deviceModel=SM-G975F, deviceName=R58M21E51VW, deviceScreenDensity=420, deviceScreenSize=1080x2280, deviceUDID=R58M21E51VW, javascriptEnabled=true, locationContextEnabled=false, networkConnectionEnabled=true, pixelRatio=2.625, platform=LINUX, platformName=Android, platformVersion=9, statBarHeight=110, systemPort=10000, takesScreenshot=true, udid=R58M21E51VW, viewportRect={left=0, top=110, width=1080, height=1937}, warnings={}, webStorageEnabled=false}
[logs/Android_Samsung S10 INFO ] 2021-12-08 11:42:08.806 ProductTests:63 - 
****** starting test:validateProductOnProductDetailsPage******

[logs/Android_Samsung S10 INFO ] 2021-12-08 11:42:12.675 LoginTests:59 - 
****** starting test:invalidPassword******

[logs/Android_Samsung S10 INFO ] 2021-12-08 13:28:32.780 BaseTest:221 - log path: logs/Android_Samsung S10
[logs/Android_Samsung S10 INFO ] 2021-12-08 13:28:32.787 BaseTest:228 - load config.properties
[logs/Android_Samsung S10 INFO ] 2021-12-08 13:28:32.792 BaseTest:233 - load strings/strings.xml
[logs/Android_Samsung S10 INFO ] 2021-12-08 13:28:32.805 BaseTest:257 - appUrl is/Users/maher/Desktop/AppiumTest/src/test/resources/app/AccorAll_9_53_21111902.apk
[logs/Android_Samsung S10 INFO ] 2021-12-08 13:28:40.726 BaseTest:279 - driver initialized: io.appium.java_client.android.AndroidDriver, Capabilities: {app=/Users/maher/Desktop/AppiumTest/src/test/resources/app/AccorAll_9_53_21111902.apk, appActivity=com.accor.app.debug.DebugActivity, appPackage=com.accor.appli.hybrid.inhouse, automationName=UiAutomator2, chromeDriverPort=11000, databaseEnabled=false, desired={platformName=android, chromeDriverPort=11000, app=/Users/maher/Desktop/AppiumTest/src/test/resources/app/AccorAll_9_53_21111902.apk, appActivity=com.accor.app.debug.DebugActivity, appPackage=com.accor.appli.hybrid.inhouse, automationName=UiAutomator2, deviceName=Samsung S10, systemPort=10000, udid=R58M21E51VW}, deviceApiLevel=28, deviceManufacturer=samsung, deviceModel=SM-G975F, deviceName=R58M21E51VW, deviceScreenDensity=420, deviceScreenSize=1080x2280, deviceUDID=R58M21E51VW, javascriptEnabled=true, locationContextEnabled=false, networkConnectionEnabled=true, pixelRatio=2.625, platform=LINUX, platformName=Android, platformVersion=9, statBarHeight=110, systemPort=10000, takesScreenshot=true, udid=R58M21E51VW, viewportRect={left=0, top=110, width=1080, height=1937}, warnings={}, webStorageEnabled=false}
[logs/Android_Samsung S10 INFO ] 2021-12-08 13:28:43.393 ProductTests:63 - 
****** starting test:validateProductOnProductDetailsPage******

[logs/Android_Samsung S10 INFO ] 2021-12-08 13:51:46.740 BaseTest:221 - log path: logs/Android_Samsung S10
[logs/Android_Samsung S10 INFO ] 2021-12-08 13:51:46.745 BaseTest:228 - load config.properties
[logs/Android_Samsung S10 INFO ] 2021-12-08 13:51:46.748 BaseTest:233 - load strings/strings.xml
[logs/Android_Samsung S10 INFO ] 2021-12-08 13:51:46.756 BaseTest:257 - appUrl is/Users/maher/Desktop/AppiumTest/src/test/resources/app/AccorAll_9_53_21111902.apk
[logs/Android_Samsung S10 INFO ] 2021-12-08 13:51:54.116 BaseTest:279 - driver initialized: io.appium.java_client.android.AndroidDriver, Capabilities: {app=/Users/maher/Desktop/AppiumTest/src/test/resources/app/AccorAll_9_53_21111902.apk, appActivity=com.accor.app.debug.DebugActivity, appPackage=com.accor.appli.hybrid.inhouse, automationName=UiAutomator2, chromeDriverPort=11000, databaseEnabled=false, desired={platformName=android, chromeDriverPort=11000, app=/Users/maher/Desktop/AppiumTest/src/test/resources/app/AccorAll_9_53_21111902.apk, appActivity=com.accor.app.debug.DebugActivity, appPackage=com.accor.appli.hybrid.inhouse, automationName=UiAutomator2, deviceName=Samsung S10, systemPort=10000, udid=R58M21E51VW}, deviceApiLevel=28, deviceManufacturer=samsung, deviceModel=SM-G975F, deviceName=R58M21E51VW, deviceScreenDensity=420, deviceScreenSize=1080x2280, deviceUDID=R58M21E51VW, javascriptEnabled=true, locationContextEnabled=false, networkConnectionEnabled=true, pixelRatio=2.625, platform=LINUX, platformName=Android, platformVersion=9, statBarHeight=110, systemPort=10000, takesScreenshot=true, udid=R58M21E51VW, viewportRect={left=0, top=110, width=1080, height=1937}, warnings={}, webStorageEnabled=false}
[logs/Android_Samsung S10 INFO ] 2021-12-08 13:51:56.764 ProductTests:63 - 
****** starting test:validateProductOnProductDetailsPage******

[logs/Android_Samsung S10 INFO ] 2021-12-08 15:02:37.724 BaseTest:221 - log path: logs/Android_Samsung S10
[logs/Android_Samsung S10 INFO ] 2021-12-08 15:02:37.731 BaseTest:228 - load config.properties
[logs/Android_Samsung S10 INFO ] 2021-12-08 15:02:37.734 BaseTest:233 - load strings/strings.xml
[logs/Android_Samsung S10 INFO ] 2021-12-08 15:02:37.745 BaseTest:257 - appUrl is/Users/maher/Desktop/AppiumTest/src/test/resources/app/AccorAll_9_53_21111902.apk
[logs/Android_Samsung S10 INFO ] 2021-12-08 15:02:45.897 BaseTest:279 - driver initialized: io.appium.java_client.android.AndroidDriver, Capabilities: {app=/Users/maher/Desktop/AppiumTest/src/test/resources/app/AccorAll_9_53_21111902.apk, appActivity=com.accor.app.debug.DebugActivity, appPackage=com.accor.appli.hybrid.inhouse, automationName=UiAutomator2, chromeDriverPort=11000, databaseEnabled=false, desired={platformName=android, chromeDriverPort=11000, app=/Users/maher/Desktop/AppiumTest/src/test/resources/app/AccorAll_9_53_21111902.apk, appActivity=com.accor.app.debug.DebugActivity, appPackage=com.accor.appli.hybrid.inhouse, automationName=UiAutomator2, deviceName=Samsung S10, systemPort=10000, udid=R58M21E51VW}, deviceApiLevel=28, deviceManufacturer=samsung, deviceModel=SM-G975F, deviceName=R58M21E51VW, deviceScreenDensity=420, deviceScreenSize=1080x2280, deviceUDID=R58M21E51VW, javascriptEnabled=true, locationContextEnabled=false, networkConnectionEnabled=true, pixelRatio=2.625, platform=LINUX, platformName=Android, platformVersion=9, statBarHeight=110, systemPort=10000, takesScreenshot=true, udid=R58M21E51VW, viewportRect={left=0, top=110, width=1080, height=1937}, warnings={}, webStorageEnabled=false}
[logs/Android_Samsung S10 INFO ] 2021-12-08 15:02:48.543 ProductTests:63 - 
****** starting test:validateProductOnProductDetailsPage******

[logs/Android_Samsung S10 INFO ] 2021-12-08 15:08:50.413 BaseTest:221 - log path: logs/Android_Samsung S10
[logs/Android_Samsung S10 INFO ] 2021-12-08 15:08:50.420 BaseTest:228 - load config.properties
[logs/Android_Samsung S10 INFO ] 2021-12-08 15:08:50.424 BaseTest:233 - load strings/strings.xml
[logs/Android_Samsung S10 INFO ] 2021-12-08 15:08:50.430 BaseTest:257 - appUrl is/Users/maher/Desktop/AppiumTest/src/test/resources/app/AccorAll_9_53_21111902.apk
[logs/Android_Samsung S10 INFO ] 2021-12-08 15:08:58.733 BaseTest:279 - driver initialized: io.appium.java_client.android.AndroidDriver, Capabilities: {app=/Users/maher/Desktop/AppiumTest/src/test/resources/app/AccorAll_9_53_21111902.apk, appActivity=com.accor.app.debug.DebugActivity, appPackage=com.accor.appli.hybrid.inhouse, automationName=UiAutomator2, chromeDriverPort=11000, databaseEnabled=false, desired={platformName=android, chromeDriverPort=11000, app=/Users/maher/Desktop/AppiumTest/src/test/resources/app/AccorAll_9_53_21111902.apk, appActivity=com.accor.app.debug.DebugActivity, appPackage=com.accor.appli.hybrid.inhouse, automationName=UiAutomator2, deviceName=Samsung S10, systemPort=10000, udid=R58M21E51VW}, deviceApiLevel=28, deviceManufacturer=samsung, deviceModel=SM-G975F, deviceName=R58M21E51VW, deviceScreenDensity=420, deviceScreenSize=1080x2280, deviceUDID=R58M21E51VW, javascriptEnabled=true, locationContextEnabled=false, networkConnectionEnabled=true, pixelRatio=2.625, platform=LINUX, platformName=Android, platformVersion=9, statBarHeight=110, systemPort=10000, takesScreenshot=true, udid=R58M21E51VW, viewportRect={left=0, top=110, width=1080, height=1937}, warnings={}, webStorageEnabled=false}
[logs/Android_Samsung S10 INFO ] 2021-12-08 15:09:57.626 BaseTest:221 - log path: logs/Android_Samsung S10
[logs/Android_Samsung S10 INFO ] 2021-12-08 15:09:57.632 BaseTest:228 - load config.properties
[logs/Android_Samsung S10 INFO ] 2021-12-08 15:09:57.636 BaseTest:233 - load strings/strings.xml
[logs/Android_Samsung S10 INFO ] 2021-12-08 15:09:57.644 BaseTest:257 - appUrl is/Users/maher/Desktop/AppiumTest/src/test/resources/app/AccorAll_9_53_21111902.apk
[logs/Android_Samsung S10 INFO ] 2021-12-08 15:10:05.865 BaseTest:279 - driver initialized: io.appium.java_client.android.AndroidDriver, Capabilities: {app=/Users/maher/Desktop/AppiumTest/src/test/resources/app/AccorAll_9_53_21111902.apk, appActivity=com.accor.app.debug.DebugActivity, appPackage=com.accor.appli.hybrid.inhouse, automationName=UiAutomator2, chromeDriverPort=11000, databaseEnabled=false, desired={platformName=android, chromeDriverPort=11000, app=/Users/maher/Desktop/AppiumTest/src/test/resources/app/AccorAll_9_53_21111902.apk, appActivity=com.accor.app.debug.DebugActivity, appPackage=com.accor.appli.hybrid.inhouse, automationName=UiAutomator2, deviceName=Samsung S10, systemPort=10000, udid=R58M21E51VW}, deviceApiLevel=28, deviceManufacturer=samsung, deviceModel=SM-G975F, deviceName=R58M21E51VW, deviceScreenDensity=420, deviceScreenSize=1080x2280, deviceUDID=R58M21E51VW, javascriptEnabled=true, locationContextEnabled=false, networkConnectionEnabled=true, pixelRatio=2.625, platform=LINUX, platformName=Android, platformVersion=9, statBarHeight=110, systemPort=10000, takesScreenshot=true, udid=R58M21E51VW, viewportRect={left=0, top=110, width=1080, height=1937}, warnings={}, webStorageEnabled=false}
[logs/Android_Samsung S10 INFO ] 2021-12-08 15:43:25.651 BaseTest:221 - log path: logs/Android_Samsung S10
[logs/Android_Samsung S10 INFO ] 2021-12-08 15:43:25.657 BaseTest:228 - load config.properties
[logs/Android_Samsung S10 INFO ] 2021-12-08 15:43:25.659 BaseTest:233 - load strings/strings.xml
[logs/Android_Samsung S10 INFO ] 2021-12-08 15:43:25.667 BaseTest:257 - appUrl is/Users/maher/Desktop/AppiumTest/src/test/resources/app/AccorAll_9_53_21111902.apk
[logs/Android_Samsung S10 INFO ] 2021-12-08 15:43:34.312 BaseTest:279 - driver initialized: io.appium.java_client.android.AndroidDriver, Capabilities: {app=/Users/maher/Desktop/AppiumTest/src/test/resources/app/AccorAll_9_53_21111902.apk, appActivity=com.accor.app.debug.DebugActivity, appPackage=com.accor.appli.hybrid.inhouse, automationName=UiAutomator2, chromeDriverPort=11000, databaseEnabled=false, desired={platformName=android, chromeDriverPort=11000, app=/Users/maher/Desktop/AppiumTest/src/test/resources/app/AccorAll_9_53_21111902.apk, appActivity=com.accor.app.debug.DebugActivity, appPackage=com.accor.appli.hybrid.inhouse, automationName=UiAutomator2, deviceName=Samsung S10, systemPort=10000, udid=R58M21E51VW}, deviceApiLevel=28, deviceManufacturer=samsung, deviceModel=SM-G975F, deviceName=R58M21E51VW, deviceScreenDensity=420, deviceScreenSize=1080x2280, deviceUDID=R58M21E51VW, javascriptEnabled=true, locationContextEnabled=false, networkConnectionEnabled=true, pixelRatio=2.625, platform=LINUX, platformName=Android, platformVersion=9, statBarHeight=110, systemPort=10000, takesScreenshot=true, udid=R58M21E51VW, viewportRect={left=0, top=110, width=1080, height=1937}, warnings={}, webStorageEnabled=false}
[logs/Android_Samsung S10 INFO ] 2021-12-08 16:30:30.170 BaseTest:221 - log path: logs/Android_Samsung S10
[logs/Android_Samsung S10 INFO ] 2021-12-08 16:30:30.175 BaseTest:228 - load config.properties
[logs/Android_Samsung S10 INFO ] 2021-12-08 16:30:30.178 BaseTest:233 - load strings/strings.xml
[logs/Android_Samsung S10 INFO ] 2021-12-08 16:30:30.187 BaseTest:257 - appUrl is/Users/maher/Desktop/AppiumTest/src/test/resources/app/AccorAll_9_53_21111902.apk
[logs/Android_Samsung S10 INFO ] 2021-12-08 16:30:40.511 BaseTest:279 - driver initialized: io.appium.java_client.android.AndroidDriver, Capabilities: {app=/Users/maher/Desktop/AppiumTest/src/test/resources/app/AccorAll_9_53_21111902.apk, appActivity=com.accor.app.debug.DebugActivity, appPackage=com.accor.appli.hybrid.inhouse, automationName=UiAutomator2, chromeDriverPort=11000, databaseEnabled=false, desired={platformName=android, chromeDriverPort=11000, app=/Users/maher/Desktop/AppiumTest/src/test/resources/app/AccorAll_9_53_21111902.apk, appActivity=com.accor.app.debug.DebugActivity, appPackage=com.accor.appli.hybrid.inhouse, automationName=UiAutomator2, deviceName=Samsung S10, systemPort=10000, udid=R58M21E51VW}, deviceApiLevel=28, deviceManufacturer=samsung, deviceModel=SM-G975F, deviceName=R58M21E51VW, deviceScreenDensity=420, deviceScreenSize=1080x2280, deviceUDID=R58M21E51VW, javascriptEnabled=true, locationContextEnabled=false, networkConnectionEnabled=true, pixelRatio=2.625, platform=LINUX, platformName=Android, platformVersion=9, statBarHeight=110, systemPort=10000, takesScreenshot=true, udid=R58M21E51VW, viewportRect={left=0, top=110, width=1080, height=1937}, warnings={}, webStorageEnabled=false}
[logs/Android_Samsung S10 INFO ] 2021-12-08 16:30:47.781 BaseTest:132 - video path: videos/Android_Samsung S10/2021-12-08-16-30-30/RunnerTest/scenario.mp4
[logs/Android_Samsung S10 INFO ] 2021-12-08 16:31:51.453 BaseTest:221 - log path: logs/Android_Samsung S10
[logs/Android_Samsung S10 INFO ] 2021-12-08 16:31:51.458 BaseTest:228 - load config.properties
[logs/Android_Samsung S10 INFO ] 2021-12-08 16:31:51.461 BaseTest:233 - load strings/strings.xml
[logs/Android_Samsung S10 INFO ] 2021-12-08 16:31:51.468 BaseTest:257 - appUrl is/Users/maher/Desktop/AppiumTest/src/test/resources/app/AccorAll_9_53_21111902.apk
[logs/Android_Samsung S10 INFO ] 2021-12-08 16:31:58.276 BaseTest:279 - driver initialized: io.appium.java_client.android.AndroidDriver, Capabilities: {app=/Users/maher/Desktop/AppiumTest/src/test/resources/app/AccorAll_9_53_21111902.apk, appActivity=com.accor.app.debug.DebugActivity, appPackage=com.accor.appli.hybrid.inhouse, automationName=UiAutomator2, chromeDriverPort=11000, databaseEnabled=false, desired={platformName=android, chromeDriverPort=11000, app=/Users/maher/Desktop/AppiumTest/src/test/resources/app/AccorAll_9_53_21111902.apk, appActivity=com.accor.app.debug.DebugActivity, appPackage=com.accor.appli.hybrid.inhouse, automationName=UiAutomator2, deviceName=Samsung S10, systemPort=10000, udid=R58M21E51VW}, deviceApiLevel=28, deviceManufacturer=samsung, deviceModel=SM-G975F, deviceName=R58M21E51VW, deviceScreenDensity=420, deviceScreenSize=1080x2280, deviceUDID=R58M21E51VW, javascriptEnabled=true, locationContextEnabled=false, networkConnectionEnabled=true, pixelRatio=2.625, platform=LINUX, platformName=Android, platformVersion=9, statBarHeight=110, systemPort=10000, takesScreenshot=true, udid=R58M21E51VW, viewportRect={left=0, top=110, width=1080, height=1937}, warnings={}, webStorageEnabled=false}
[logs/Android_Samsung S10 INFO ] 2021-12-08 16:32:05.409 BaseTest:132 - video path: videos/Android_Samsung S10/2021-12-08-16-31-51/RunnerTest/scenario.mp4
[logs/Android_Samsung S10 INFO ] 2021-12-08 20:06:53.225 BaseTest:221 - log path: logs/Android_Samsung S10
[logs/Android_Samsung S10 INFO ] 2021-12-08 20:06:53.238 BaseTest:228 - load config.properties
[logs/Android_Samsung S10 INFO ] 2021-12-08 20:06:53.241 BaseTest:233 - load strings/strings.xml
[logs/Android_Samsung S10 INFO ] 2021-12-08 20:06:53.253 BaseTest:257 - appUrl is/Users/maher/Desktop/AppiumTest/src/test/resources/app/AccorAll_9_53_21111902.apk
[logs/Android_Samsung S10 INFO ] 2021-12-08 20:07:02.482 BaseTest:279 - driver initialized: io.appium.java_client.android.AndroidDriver, Capabilities: {app=/Users/maher/Desktop/AppiumTest/src/test/resources/app/AccorAll_9_53_21111902.apk, appActivity=com.accor.app.debug.DebugActivity, appPackage=com.accor.appli.hybrid.inhouse, automationName=UiAutomator2, chromeDriverPort=11000, databaseEnabled=false, desired={platformName=android, chromeDriverPort=11000, app=/Users/maher/Desktop/AppiumTest/src/test/resources/app/AccorAll_9_53_21111902.apk, appActivity=com.accor.app.debug.DebugActivity, appPackage=com.accor.appli.hybrid.inhouse, automationName=UiAutomator2, deviceName=Samsung S10, systemPort=10000, udid=R58M21E51VW}, deviceApiLevel=28, deviceManufacturer=samsung, deviceModel=SM-G975F, deviceName=R58M21E51VW, deviceScreenDensity=420, deviceScreenSize=1080x2280, deviceUDID=R58M21E51VW, javascriptEnabled=true, locationContextEnabled=false, networkConnectionEnabled=true, pixelRatio=2.625, platform=LINUX, platformName=Android, platformVersion=9, statBarHeight=110, systemPort=10000, takesScreenshot=true, udid=R58M21E51VW, viewportRect={left=0, top=110, width=1080, height=1937}, warnings={}, webStorageEnabled=false}
[logs/Android_Samsung S10 INFO ] 2021-12-08 20:07:09.924 BaseTest:132 - video path: videos/Android_Samsung S10/2021-12-08-20-06-53/RunnerTest/scenario.mp4
[logs/Android_Samsung S10 INFO ] 2021-12-08 20:08:50.059 BaseTest:221 - log path: logs/Android_Samsung S10
[logs/Android_Samsung S10 INFO ] 2021-12-08 20:08:50.073 BaseTest:228 - load config.properties
[logs/Android_Samsung S10 INFO ] 2021-12-08 20:08:50.075 BaseTest:233 - load strings/strings.xml
[logs/Android_Samsung S10 INFO ] 2021-12-08 20:08:50.086 BaseTest:257 - appUrl is/Users/maher/Desktop/AppiumTest/src/test/resources/app/AccorAll_9_53_21111902.apk
[logs/Android_Samsung S10 INFO ] 2021-12-08 20:08:57.687 BaseTest:279 - driver initialized: io.appium.java_client.android.AndroidDriver, Capabilities: {app=/Users/maher/Desktop/AppiumTest/src/test/resources/app/AccorAll_9_53_21111902.apk, appActivity=com.accor.app.debug.DebugActivity, appPackage=com.accor.appli.hybrid.inhouse, automationName=UiAutomator2, chromeDriverPort=11000, databaseEnabled=false, desired={platformName=android, chromeDriverPort=11000, app=/Users/maher/Desktop/AppiumTest/src/test/resources/app/AccorAll_9_53_21111902.apk, appActivity=com.accor.app.debug.DebugActivity, appPackage=com.accor.appli.hybrid.inhouse, automationName=UiAutomator2, deviceName=Samsung S10, systemPort=10000, udid=R58M21E51VW}, deviceApiLevel=28, deviceManufacturer=samsung, deviceModel=SM-G975F, deviceName=R58M21E51VW, deviceScreenDensity=420, deviceScreenSize=1080x2280, deviceUDID=R58M21E51VW, javascriptEnabled=true, locationContextEnabled=false, networkConnectionEnabled=true, pixelRatio=2.625, platform=LINUX, platformName=Android, platformVersion=9, statBarHeight=110, systemPort=10000, takesScreenshot=true, udid=R58M21E51VW, viewportRect={left=0, top=110, width=1080, height=1937}, warnings={}, webStorageEnabled=false}
[logs/Android_Samsung S10 INFO ] 2021-12-08 20:09:04.212 BaseTest:132 - video path: videos/Android_Samsung S10/2021-12-08-20-08-50/RunnerTest/scenario.mp4
[logs/Android_Samsung S10 INFO ] 2021-12-08 20:09:30.369 BaseTest:221 - log path: logs/Android_Samsung S10
[logs/Android_Samsung S10 INFO ] 2021-12-08 20:09:30.377 BaseTest:228 - load config.properties
[logs/Android_Samsung S10 INFO ] 2021-12-08 20:09:30.384 BaseTest:233 - load strings/strings.xml
[logs/Android_Samsung S10 INFO ] 2021-12-08 20:09:30.398 BaseTest:257 - appUrl is/Users/maher/Desktop/AppiumTest/src/test/resources/app/AccorAll_9_53_21111902.apk
[logs/Android_Samsung S10 INFO ] 2021-12-08 20:09:38.116 BaseTest:279 - driver initialized: io.appium.java_client.android.AndroidDriver, Capabilities: {app=/Users/maher/Desktop/AppiumTest/src/test/resources/app/AccorAll_9_53_21111902.apk, appActivity=com.accor.app.debug.DebugActivity, appPackage=com.accor.appli.hybrid.inhouse, automationName=UiAutomator2, chromeDriverPort=11000, databaseEnabled=false, desired={platformName=android, chromeDriverPort=11000, app=/Users/maher/Desktop/AppiumTest/src/test/resources/app/AccorAll_9_53_21111902.apk, appActivity=com.accor.app.debug.DebugActivity, appPackage=com.accor.appli.hybrid.inhouse, automationName=UiAutomator2, deviceName=Samsung S10, systemPort=10000, udid=R58M21E51VW}, deviceApiLevel=28, deviceManufacturer=samsung, deviceModel=SM-G975F, deviceName=R58M21E51VW, deviceScreenDensity=420, deviceScreenSize=1080x2280, deviceUDID=R58M21E51VW, javascriptEnabled=true, locationContextEnabled=false, networkConnectionEnabled=true, pixelRatio=2.625, platform=LINUX, platformName=Android, platformVersion=9, statBarHeight=110, systemPort=10000, takesScreenshot=true, udid=R58M21E51VW, viewportRect={left=0, top=110, width=1080, height=1937}, warnings={}, webStorageEnabled=false}
[logs/Android_Samsung S10 INFO ] 2021-12-08 20:09:45.067 BaseTest:132 - video path: videos/Android_Samsung S10/2021-12-08-20-09-30/RunnerTest/scenario.mp4
